index.htm
individus\individus.htm
individus\listeindividus0.htm
individus\listeindividus1.htm
individus\listeindividus2.htm
individus\listeindividus3.htm
individus\listeindividus4.htm
individus\listeindividus5.htm
fiches\fiche0.htm
fiches\fiche1.htm
fiches\fiche2.htm
images\pMedia217.jpg
images\gMedia217.JPG
fiches\fiche3.htm
images\pMedia288.jpg
images\gMedia288.jpg
fiches\fiche4.htm
fiches\fiche5.htm
fiches\fiche6.htm
fiches\fiche7.htm
fiches\fiche8.htm
images\pMedia1105.jpg
images\gMedia1105.JPG
fiches\fiche9.htm
fiches\fiche10.htm
fiches\fiche11.htm
fiches\fiche12.htm
fiches\fiche13.htm
fiches\fiche14.htm
fiches\fiche15.htm
fiches\fiche16.htm
fiches\fiche17.htm
fiches\fiche18.htm
fiches\fiche19.htm
fiches\fiche20.htm
fiches\fiche21.htm
images\pMedia219.jpg
images\gMedia219.JPG
fiches\fiche22.htm
images\pMedia226.jpg
images\gMedia226.JPG
fiches\fiche23.htm
fiches\fiche24.htm
fiches\fiche25.htm
fiches\fiche26.htm
fiches\fiche27.htm
fiches\fiche28.htm
fiches\fiche29.htm
fiches\fiche30.htm
fiches\fiche31.htm
fiches\fiche32.htm
fiches\fiche33.htm
fiches\fiche34.htm
images\pMedia197.jpg
images\gMedia197.JPG
fiches\fiche35.htm
fiches\fiche36.htm
fiches\fiche37.htm
fiches\fiche38.htm
fiches\fiche39.htm
fiches\fiche40.htm
fiches\fiche41.htm
fiches\fiche42.htm
fiches\fiche43.htm
etats\etats.htm
menu\menu.js
images\h.gif
images\f.gif
images\i.gif
images\sosa.gif
images\heredis.jpg
images\iconLeft.gif
images\iconTop.gif
images\iconRight.gif
images\branche.gif
images\branche1.gif
images\fond.jpg
menu\coolmenus.js
menu\css.css
vcl50.bpl
h7html.exe
autorun.inf
HCD.ico
heredis\accueil.htm
dswmedia\arbre3D0.htm
dswmedia\arbre3D.htm
dswmedia\Arbre3d.dcr
index.htm
individus\individus.htm
individus\listeindividus0.htm
individus\listeindividus1.htm
individus\listeindividus2.htm
individus\listeindividus3.htm
individus\listeindividus4.htm
individus\listeindividus5.htm
fiches\fiche0.htm
fiches\fiche1.htm
fiches\fiche2.htm
images\pMedia217.jpg
images\gMedia217.JPG
fiches\fiche3.htm
images\pMedia288.jpg
images\gMedia288.jpg
fiches\fiche4.htm
fiches\fiche5.htm
fiches\fiche6.htm
fiches\fiche7.htm
fiches\fiche8.htm
images\pMedia1105.jpg
images\gMedia1105.JPG
fiches\fiche9.htm
fiches\fiche10.htm
fiches\fiche11.htm
fiches\fiche12.htm
fiches\fiche13.htm
fiches\fiche14.htm
fiches\fiche15.htm
fiches\fiche16.htm
fiches\fiche17.htm
fiches\fiche18.htm
fiches\fiche19.htm
fiches\fiche20.htm
fiches\fiche21.htm
images\pMedia219.jpg
images\gMedia219.JPG
fiches\fiche22.htm
images\pMedia226.jpg
images\gMedia226.JPG
fiches\fiche23.htm
fiches\fiche24.htm
fiches\fiche25.htm
fiches\fiche26.htm
fiches\fiche27.htm
fiches\fiche28.htm
fiches\fiche29.htm
fiches\fiche30.htm
fiches\fiche31.htm
fiches\fiche32.htm
fiches\fiche33.htm
fiches\fiche34.htm
images\pMedia197.jpg
images\gMedia197.JPG
fiches\fiche35.htm
fiches\fiche36.htm
fiches\fiche37.htm
fiches\fiche38.htm
fiches\fiche39.htm
fiches\fiche40.htm
fiches\fiche41.htm
fiches\fiche42.htm
fiches\fiche43.htm
fiches\fiche44.htm
fiches\fiche45.htm
fiches\fiche46.htm
fiches\fiche47.htm
fiches\fiche48.htm
fiches\fiche49.htm
fiches\fiche50.htm
fiches\fiche51.htm
fiches\fiche52.htm
fiches\fiche53.htm
fiches\fiche54.htm
fiches\fiche55.htm
fiches\fiche56.htm
fiches\fiche57.htm
fiches\fiche58.htm
fiches\fiche59.htm
fiches\fiche60.htm
images\pMedia1109.jpg
images\gMedia1109.JPG
fiches\fiche61.htm
fiches\fiche62.htm
fiches\fiche63.htm
images\pMedia1110.jpg
images\gMedia1110.JPG
fiches\fiche64.htm
fiches\fiche65.htm
fiches\fiche66.htm
fiches\fiche67.htm
fiches\fiche68.htm
fiches\fiche69.htm
fiches\fiche70.htm
fiches\fiche71.htm
fiches\fiche72.htm
images\pMedia961.jpg
images\gMedia961.JPG
fiches\fiche73.htm
images\pMedia963.jpg
images\gMedia963.JPG
fiches\fiche74.htm
fiches\fiche75.htm
fiches\fiche76.htm
fiches\fiche77.htm
fiches\fiche78.htm
fiches\fiche79.htm
images\pMedia290.jpg
images\gMedia290.jpg
fiches\fiche80.htm
fiches\fiche81.htm
fiches\fiche82.htm
fiches\fiche83.htm
fiches\fiche84.htm
fiches\fiche85.htm
images\pMedia291.jpg
images\gMedia291.jpg
images\pMedia295.jpg
images\gMedia295.JPG
fiches\fiche86.htm
images\pMedia1833.jpg
images\gMedia1833.JPG
images\pMedia289.jpg
images\gMedia289.JPG
fiches\fiche87.htm
images\pMedia297.jpg
images\gMedia297.JPG
fiches\fiche88.htm
images\pMedia294.jpg
images\gMedia294.JPG
images\pMedia296.jpg
images\gMedia296.JPG
fiches\fiche89.htm
images\pMedia298.jpg
images\gMedia298.JPG
fiches\fiche90.htm
images\pMedia297.jpg
images\gMedia297.JPG
fiches\fiche91.htm
fiches\fiche92.htm
fiches\fiche93.htm
fiches\fiche94.htm
images\pMedia195.jpg
images\gMedia195.JPG
fiches\fiche95.htm
images\pMedia196.jpg
images\gMedia196.JPG
fiches\fiche96.htm
fiches\fiche97.htm
fiches\fiche98.htm
fiches\fiche99.htm
fiches\fiche100.htm
fiches\fiche101.htm
fiches\fiche102.htm
fiches\fiche103.htm
fiches\fiche104.htm
fiches\fiche105.htm
fiches\fiche106.htm
fiches\fiche107.htm
fiches\fiche108.htm
fiches\fiche109.htm
fiches\fiche110.htm
fiches\fiche111.htm
images\pMedia218.jpg
images\gMedia218.JPG
fiches\fiche112.htm
fiches\fiche113.htm
fiches\fiche114.htm
fiches\fiche115.htm
images\pMedia1106.jpg
images\gMedia1106.JPG
fiches\fiche116.htm
fiches\fiche117.htm
fiches\fiche118.htm
individus\patronymes0.htm
individus\ascendance0.htm
individus\ascendance1.htm
individus\ascendance2.htm
individus\ascendance3.htm
individus\ascendance4.htm
individus\ascendance5.htm
individus\ascendance6.htm
individus\ascendance7.htm
individus\ascendance8.htm
individus\ascendance9.htm
individus\ascendance10.htm
individus\ascendance11.htm
individus\ascendance12.htm
individus\ascendance13.htm
individus\ascendance14.htm
individus\ascendance15.htm
individus\ascendance16.htm
individus\ascendance17.htm
individus\listeeclair0.htm
individus\listeeclair1.htm
lieux\lieux.htm
lieux\lieux0.htm
lieux\patroparlieux0.htm
lieux\patroparlieux1.htm
etats\etats.htm
etats\listeevenements0.htm
etats\listeevenements1.htm
etats\listeevenements2.htm
etats\listeevenements3.htm
etats\listeevenements4.htm
etats\listeevenements5.htm
etats\listeevenements6.htm
etats\listeevenements7.htm
etats\listemedias0.htm
etats\listemedias1.htm
etats\stats.htm
menu\menu.js
images\h.gif
images\f.gif
images\i.gif
images\sosa.gif
images\heredis.jpg
images\iconLeft.gif
images\iconTop.gif
images\iconRight.gif
images\branche.gif
images\branche1.gif
images\fond.jpg
menu\coolmenus.js
menu\css.css
vcl50.bpl
h7html.exe
autorun.inf
HCD.ico
heredis\accueil.htm
dswmedia\arbre3D0.htm
dswmedia\arbre3D.htm
dswmedia\Arbre3d.dcr
index.htm
individus\individus.htm
individus\listeindividus0.htm
individus\listeindividus1.htm
individus\listeindividus2.htm
individus\listeindividus3.htm
individus\listeindividus4.htm
individus\listeindividus5.htm
fiches\fiche0.htm
fiches\fiche1.htm
fiches\fiche2.htm
images\pMedia217.jpg
images\gMedia217.JPG
fiches\fiche3.htm
images\pMedia288.jpg
images\gMedia288.jpg
fiches\fiche4.htm
fiches\fiche5.htm
fiches\fiche6.htm
fiches\fiche7.htm
fiches\fiche8.htm
images\pMedia1105.jpg
images\gMedia1105.JPG
fiches\fiche9.htm
fiches\fiche10.htm
fiches\fiche11.htm
fiches\fiche12.htm
fiches\fiche13.htm
fiches\fiche14.htm
fiches\fiche15.htm
fiches\fiche16.htm
fiches\fiche17.htm
fiches\fiche18.htm
fiches\fiche19.htm
fiches\fiche20.htm
fiches\fiche21.htm
images\pMedia219.jpg
images\gMedia219.JPG
fiches\fiche22.htm
images\pMedia226.jpg
images\gMedia226.JPG
fiches\fiche23.htm
fiches\fiche24.htm
fiches\fiche25.htm
fiches\fiche26.htm
fiches\fiche27.htm
fiches\fiche28.htm
fiches\fiche29.htm
fiches\fiche30.htm
fiches\fiche31.htm
fiches\fiche32.htm
fiches\fiche33.htm
fiches\fiche34.htm
images\pMedia197.jpg
images\gMedia197.JPG
fiches\fiche35.htm
fiches\fiche36.htm
fiches\fiche37.htm
fiches\fiche38.htm
fiches\fiche39.htm
fiches\fiche40.htm
fiches\fiche41.htm
fiches\fiche42.htm
fiches\fiche43.htm
fiches\fiche44.htm
fiches\fiche45.htm
fiches\fiche46.htm
fiches\fiche47.htm
fiches\fiche48.htm
fiches\fiche49.htm
fiches\fiche50.htm
fiches\fiche51.htm
fiches\fiche52.htm
fiches\fiche53.htm
fiches\fiche54.htm
fiches\fiche55.htm
fiches\fiche56.htm
fiches\fiche57.htm
fiches\fiche58.htm
fiches\fiche59.htm
fiches\fiche60.htm
images\pMedia1109.jpg
images\gMedia1109.JPG
fiches\fiche61.htm
fiches\fiche62.htm
fiches\fiche63.htm
images\pMedia1110.jpg
images\gMedia1110.JPG
fiches\fiche64.htm
fiches\fiche65.htm
fiches\fiche66.htm
fiches\fiche67.htm
fiches\fiche68.htm
fiches\fiche69.htm
fiches\fiche70.htm
fiches\fiche71.htm
fiches\fiche72.htm
images\pMedia961.jpg
images\gMedia961.JPG
fiches\fiche73.htm
images\pMedia963.jpg
images\gMedia963.JPG
fiches\fiche74.htm
fiches\fiche75.htm
fiches\fiche76.htm
fiches\fiche77.htm
fiches\fiche78.htm
fiches\fiche79.htm
images\pMedia290.jpg
images\gMedia290.jpg
fiches\fiche80.htm
fiches\fiche81.htm
fiches\fiche82.htm
fiches\fiche83.htm
fiches\fiche84.htm
fiches\fiche85.htm
images\pMedia291.jpg
images\gMedia291.jpg
images\pMedia295.jpg
images\gMedia295.JPG
fiches\fiche86.htm
images\pMedia1833.jpg
images\gMedia1833.JPG
images\pMedia289.jpg
images\gMedia289.JPG
fiches\fiche87.htm
images\pMedia297.jpg
images\gMedia297.JPG
fiches\fiche88.htm
images\pMedia294.jpg
images\gMedia294.JPG
images\pMedia296.jpg
images\gMedia296.JPG
fiches\fiche89.htm
images\pMedia298.jpg
images\gMedia298.JPG
fiches\fiche90.htm
images\pMedia297.jpg
images\gMedia297.JPG
fiches\fiche91.htm
fiches\fiche92.htm
fiches\fiche93.htm
fiches\fiche94.htm
images\pMedia195.jpg
images\gMedia195.JPG
fiches\fiche95.htm
images\pMedia196.jpg
images\gMedia196.JPG
fiches\fiche96.htm
fiches\fiche97.htm
fiches\fiche98.htm
fiches\fiche99.htm
fiches\fiche100.htm
fiches\fiche101.htm
fiches\fiche102.htm
fiches\fiche103.htm
fiches\fiche104.htm
fiches\fiche105.htm
fiches\fiche106.htm
fiches\fiche107.htm
fiches\fiche108.htm
fiches\fiche109.htm
fiches\fiche110.htm
fiches\fiche111.htm
images\pMedia218.jpg
images\gMedia218.JPG
fiches\fiche112.htm
fiches\fiche113.htm
fiches\fiche114.htm
fiches\fiche115.htm
images\pMedia1106.jpg
images\gMedia1106.JPG
fiches\fiche116.htm
fiches\fiche117.htm
fiches\fiche118.htm
individus\patronymes0.htm
individus\ascendance0.htm
individus\ascendance1.htm
individus\ascendance2.htm
individus\ascendance3.htm
individus\ascendance4.htm
individus\ascendance5.htm
individus\ascendance6.htm
individus\ascendance7.htm
individus\ascendance8.htm
individus\ascendance9.htm
individus\ascendance10.htm
individus\ascendance11.htm
individus\ascendance12.htm
individus\ascendance13.htm
individus\ascendance14.htm
individus\ascendance15.htm
individus\ascendance16.htm
individus\ascendance17.htm
individus\listeeclair0.htm
individus\listeeclair1.htm
lieux\lieux.htm
lieux\lieux0.htm
lieux\patroparlieux0.htm
lieux\patroparlieux1.htm
etats\etats.htm
etats\listeevenements0.htm
etats\listeevenements1.htm
etats\listeevenements2.htm
etats\listeevenements3.htm
etats\listeevenements4.htm
etats\listeevenements5.htm
etats\listeevenements6.htm
etats\listeevenements7.htm
etats\listemedias0.htm
etats\listemedias1.htm
etats\stats.htm
menu\menu.js
images\h.gif
images\f.gif
images\i.gif
images\sosa.gif
images\heredis.jpg
images\iconLeft.gif
images\iconTop.gif
images\iconRight.gif
images\branche.gif
images\branche1.gif
images\fond.jpg
menu\coolmenus.js
menu\css.css
vcl50.bpl
h7html.exe
autorun.inf
HCD.ico
heredis\accueil.htm
dswmedia\arbre3D0.htm
dswmedia\arbre3D.htm
dswmedia\Arbre3d.dcr
index.htm
individus\individus.htm
individus\listeindividus0.htm
individus\listeindividus1.htm
individus\listeindividus2.htm
individus\listeindividus3.htm
individus\listeindividus4.htm
individus\listeindividus5.htm
fiches\fiche0.htm
fiches\fiche1.htm
fiches\fiche2.htm
images\pMedia217.jpg
images\gMedia217.JPG
fiches\fiche3.htm
images\pMedia288.jpg
images\gMedia288.jpg
fiches\fiche4.htm
fiches\fiche5.htm
fiches\fiche6.htm
fiches\fiche7.htm
fiches\fiche8.htm
images\pMedia1105.jpg
images\gMedia1105.JPG
fiches\fiche9.htm
fiches\fiche10.htm
fiches\fiche11.htm
fiches\fiche12.htm
fiches\fiche13.htm
fiches\fiche14.htm
fiches\fiche15.htm
fiches\fiche16.htm
fiches\fiche17.htm
fiches\fiche18.htm
fiches\fiche19.htm
fiches\fiche20.htm
fiches\fiche21.htm
images\pMedia219.jpg
images\gMedia219.JPG
fiches\fiche22.htm
images\pMedia226.jpg
images\gMedia226.JPG
fiches\fiche23.htm
fiches\fiche24.htm
fiches\fiche25.htm
fiches\fiche26.htm
fiches\fiche27.htm
fiches\fiche28.htm
fiches\fiche29.htm
fiches\fiche30.htm
fiches\fiche31.htm
fiches\fiche32.htm
fiches\fiche33.htm
fiches\fiche34.htm
images\pMedia197.jpg
images\gMedia197.JPG
fiches\fiche35.htm
fiches\fiche36.htm
fiches\fiche37.htm
fiches\fiche38.htm
fiches\fiche39.htm
fiches\fiche40.htm
fiches\fiche41.htm
fiches\fiche42.htm
fiches\fiche43.htm
fiches\fiche44.htm
fiches\fiche45.htm
fiches\fiche46.htm
fiches\fiche47.htm
fiches\fiche48.htm
fiches\fiche49.htm
fiches\fiche50.htm
fiches\fiche51.htm
fiches\fiche52.htm
fiches\fiche53.htm
fiches\fiche54.htm
fiches\fiche55.htm
fiches\fiche56.htm
fiches\fiche57.htm
fiches\fiche58.htm
fiches\fiche59.htm
fiches\fiche60.htm
images\pMedia1109.jpg
images\gMedia1109.JPG
fiches\fiche61.htm
fiches\fiche62.htm
fiches\fiche63.htm
images\pMedia1110.jpg
images\gMedia1110.JPG
fiches\fiche64.htm
fiches\fiche65.htm
fiches\fiche66.htm
fiches\fiche67.htm
fiches\fiche68.htm
fiches\fiche69.htm
fiches\fiche70.htm
fiches\fiche71.htm
fiches\fiche72.htm
images\pMedia961.jpg
images\gMedia961.JPG
fiches\fiche73.htm
images\pMedia963.jpg
images\gMedia963.JPG
fiches\fiche74.htm
fiches\fiche75.htm
fiches\fiche76.htm
fiches\fiche77.htm
fiches\fiche78.htm
fiches\fiche79.htm
images\pMedia290.jpg
images\gMedia290.jpg
fiches\fiche80.htm
fiches\fiche81.htm
fiches\fiche82.htm
fiches\fiche83.htm
fiches\fiche84.htm
fiches\fiche85.htm
images\pMedia291.jpg
images\gMedia291.jpg
images\pMedia295.jpg
images\gMedia295.JPG
fiches\fiche86.htm
images\pMedia1833.jpg
images\gMedia1833.JPG
images\pMedia289.jpg
images\gMedia289.JPG
fiches\fiche87.htm
images\pMedia297.jpg
images\gMedia297.JPG
fiches\fiche88.htm
images\pMedia294.jpg
images\gMedia294.JPG
images\pMedia296.jpg
images\gMedia296.JPG
fiches\fiche89.htm
images\pMedia298.jpg
images\gMedia298.JPG
fiches\fiche90.htm
images\pMedia297.jpg
images\gMedia297.JPG
fiches\fiche91.htm
fiches\fiche92.htm
fiches\fiche93.htm
fiches\fiche94.htm
images\pMedia195.jpg
images\gMedia195.JPG
fiches\fiche95.htm
images\pMedia196.jpg
images\gMedia196.JPG
fiches\fiche96.htm
fiches\fiche97.htm
fiches\fiche98.htm
fiches\fiche99.htm
fiches\fiche100.htm
fiches\fiche101.htm
fiches\fiche102.htm
fiches\fiche103.htm
fiches\fiche104.htm
fiches\fiche105.htm
fiches\fiche106.htm
fiches\fiche107.htm
fiches\fiche108.htm
fiches\fiche109.htm
fiches\fiche110.htm
fiches\fiche111.htm
images\pMedia218.jpg
images\gMedia218.JPG
fiches\fiche112.htm
fiches\fiche113.htm
fiches\fiche114.htm
fiches\fiche115.htm
images\pMedia1106.jpg
images\gMedia1106.JPG
fiches\fiche116.htm
fiches\fiche117.htm
fiches\fiche118.htm
individus\patronymes0.htm
individus\ascendance0.htm
individus\ascendance1.htm
individus\ascendance2.htm
individus\ascendance3.htm
individus\listeeclair0.htm
individus\listeeclair1.htm
lieux\lieux.htm
lieux\lieux0.htm
lieux\patroparlieux0.htm
lieux\patroparlieux1.htm
etats\etats.htm
etats\listeevenements0.htm
etats\listeevenements1.htm
etats\listeevenements2.htm
etats\listeevenements3.htm
etats\listeevenements4.htm
etats\listeevenements5.htm
etats\listeevenements6.htm
etats\listeevenements7.htm
etats\listemedias0.htm
etats\listemedias1.htm
etats\stats.htm
menu\menu.js
images\h.gif
images\f.gif
images\i.gif
images\sosa.gif
images\heredis.jpg
images\iconLeft.gif
images\iconTop.gif
images\iconRight.gif
images\branche.gif
images\branche1.gif
menu\coolmenus.js
menu\css.css
vcl50.bpl
h7html.exe
autorun.inf
HCD.ico
heredis\accueil.htm
dswmedia\arbre3D0.htm
dswmedia\arbre3D.htm
dswmedia\Arbre3d.dcr
index.htm
individus\individus.htm
individus\listeindividus0.htm
individus\listeindividus1.htm
individus\listeindividus2.htm
individus\listeindividus3.htm
individus\listeindividus4.htm
individus\listeindividus5.htm
fiches\fiche0.htm
fiches\fiche1.htm
fiches\fiche2.htm
images\pMedia217.jpg
images\gMedia217.JPG
fiches\fiche3.htm
images\pMedia288.jpg
images\gMedia288.jpg
fiches\fiche4.htm
fiches\fiche5.htm
fiches\fiche6.htm
fiches\fiche7.htm
fiches\fiche8.htm
images\pMedia1105.jpg
images\gMedia1105.JPG
fiches\fiche9.htm
fiches\fiche10.htm
fiches\fiche11.htm
fiches\fiche12.htm
fiches\fiche13.htm
fiches\fiche14.htm
fiches\fiche15.htm
fiches\fiche16.htm
fiches\fiche17.htm
fiches\fiche18.htm
fiches\fiche19.htm
fiches\fiche20.htm
fiches\fiche21.htm
images\pMedia219.jpg
images\gMedia219.JPG
fiches\fiche22.htm
images\pMedia226.jpg
images\gMedia226.JPG
fiches\fiche23.htm
fiches\fiche24.htm
fiches\fiche25.htm
fiches\fiche26.htm
fiches\fiche27.htm
fiches\fiche28.htm
fiches\fiche29.htm
fiches\fiche30.htm
fiches\fiche31.htm
fiches\fiche32.htm
fiches\fiche33.htm
fiches\fiche34.htm
images\pMedia197.jpg
images\gMedia197.JPG
fiches\fiche35.htm
fiches\fiche36.htm
fiches\fiche37.htm
fiches\fiche38.htm
fiches\fiche39.htm
fiches\fiche40.htm
fiches\fiche41.htm
fiches\fiche42.htm
fiches\fiche43.htm
fiches\fiche44.htm
fiches\fiche45.htm
fiches\fiche46.htm
fiches\fiche47.htm
fiches\fiche48.htm
fiches\fiche49.htm
fiches\fiche50.htm
fiches\fiche51.htm
fiches\fiche52.htm
fiches\fiche53.htm
fiches\fiche54.htm
fiches\fiche55.htm
fiches\fiche56.htm
fiches\fiche57.htm
fiches\fiche58.htm
fiches\fiche59.htm
fiches\fiche60.htm
images\pMedia1109.jpg
images\gMedia1109.JPG
fiches\fiche61.htm
fiches\fiche62.htm
fiches\fiche63.htm
images\pMedia1110.jpg
images\gMedia1110.JPG
fiches\fiche64.htm
fiches\fiche65.htm
fiches\fiche66.htm
fiches\fiche67.htm
fiches\fiche68.htm
fiches\fiche69.htm
fiches\fiche70.htm
fiches\fiche71.htm
fiches\fiche72.htm
images\pMedia961.jpg
images\gMedia961.JPG
fiches\fiche73.htm
images\pMedia963.jpg
images\gMedia963.JPG
fiches\fiche74.htm
fiches\fiche75.htm
fiches\fiche76.htm
fiches\fiche77.htm
fiches\fiche78.htm
fiches\fiche79.htm
images\pMedia290.jpg
images\gMedia290.jpg
fiches\fiche80.htm
fiches\fiche81.htm
fiches\fiche82.htm
fiches\fiche83.htm
fiches\fiche84.htm
fiches\fiche85.htm
images\pMedia291.jpg
images\gMedia291.jpg
images\pMedia295.jpg
images\gMedia295.JPG
fiches\fiche86.htm
images\pMedia1833.jpg
images\gMedia1833.JPG
images\pMedia289.jpg
images\gMedia289.JPG
fiches\fiche87.htm
images\pMedia297.jpg
images\gMedia297.JPG
fiches\fiche88.htm
images\pMedia294.jpg
images\gMedia294.JPG
images\pMedia296.jpg
images\gMedia296.JPG
fiches\fiche89.htm
images\pMedia298.jpg
images\gMedia298.JPG
fiches\fiche90.htm
images\pMedia297.jpg
images\gMedia297.JPG
fiches\fiche91.htm
fiches\fiche92.htm
fiches\fiche93.htm
fiches\fiche94.htm
images\pMedia195.jpg
images\gMedia195.JPG
fiches\fiche95.htm
images\pMedia196.jpg
images\gMedia196.JPG
fiches\fiche96.htm
fiches\fiche97.htm
fiches\fiche98.htm
fiches\fiche99.htm
fiches\fiche100.htm
fiches\fiche101.htm
fiches\fiche102.htm
fiches\fiche103.htm
fiches\fiche104.htm
fiches\fiche105.htm
fiches\fiche106.htm
fiches\fiche107.htm
fiches\fiche108.htm
fiches\fiche109.htm
fiches\fiche110.htm
fiches\fiche111.htm
images\pMedia218.jpg
images\gMedia218.JPG
fiches\fiche112.htm
fiches\fiche113.htm
fiches\fiche114.htm
fiches\fiche115.htm
images\pMedia1106.jpg
images\gMedia1106.JPG
fiches\fiche116.htm
fiches\fiche117.htm
fiches\fiche118.htm
individus\patronymes0.htm
individus\ascendance0.htm
individus\ascendance1.htm
individus\ascendance2.htm
individus\ascendance3.htm
individus\ascendance4.htm
individus\listeeclair0.htm
individus\listeeclair1.htm
lieux\lieux.htm
lieux\lieux0.htm
lieux\patroparlieux0.htm
lieux\patroparlieux1.htm
etats\etats.htm
etats\listeevenements0.htm
etats\listeevenements1.htm
etats\listeevenements2.htm
etats\listeevenements3.htm
etats\listeevenements4.htm
etats\listeevenements5.htm
etats\listeevenements6.htm
etats\listeevenements7.htm
etats\listemedias0.htm
etats\listemedias1.htm
etats\stats.htm
menu\menu.js
images\h.gif
images\f.gif
images\i.gif
images\sosa.gif
images\heredis.jpg
images\iconLeft.gif
images\iconTop.gif
images\iconRight.gif
images\branche.gif
images\branche1.gif
menu\coolmenus.js
menu\css.css
vcl50.bpl
h7html.exe
autorun.inf
HCD.ico
heredis\accueil.htm
dswmedia\arbre3D0.htm
dswmedia\arbre3D.htm
dswmedia\Arbre3d.dcr
index.htm
individus\individus.htm
individus\listeindividus0.htm
individus\listeindividus1.htm
individus\listeindividus2.htm
individus\listeindividus3.htm
individus\listeindividus4.htm
individus\listeindividus5.htm
fiches\fiche0.htm
fiches\fiche1.htm
fiches\fiche2.htm
images\pMedia217.jpg
images\gMedia217.JPG
fiches\fiche3.htm
images\pMedia288.jpg
images\gMedia288.jpg
fiches\fiche4.htm
fiches\fiche5.htm
fiches\fiche6.htm
fiches\fiche7.htm
fiches\fiche8.htm
images\pMedia1105.jpg
images\gMedia1105.JPG
fiches\fiche9.htm
fiches\fiche10.htm
fiches\fiche11.htm
fiches\fiche12.htm
fiches\fiche13.htm
fiches\fiche14.htm
fiches\fiche15.htm
fiches\fiche16.htm
fiches\fiche17.htm
fiches\fiche18.htm
fiches\fiche19.htm
fiches\fiche20.htm
fiches\fiche21.htm
images\pMedia219.jpg
images\gMedia219.JPG
fiches\fiche22.htm
images\pMedia226.jpg
images\gMedia226.JPG
fiches\fiche23.htm
fiches\fiche24.htm
fiches\fiche25.htm
fiches\fiche26.htm
fiches\fiche27.htm
fiches\fiche28.htm
fiches\fiche29.htm
fiches\fiche30.htm
fiches\fiche31.htm
fiches\fiche32.htm
fiches\fiche33.htm
fiches\fiche34.htm
images\pMedia197.jpg
images\gMedia197.JPG
fiches\fiche35.htm
fiches\fiche36.htm
fiches\fiche37.htm
fiches\fiche38.htm
fiches\fiche39.htm
fiches\fiche40.htm
fiches\fiche41.htm
fiches\fiche42.htm
fiches\fiche43.htm
fiches\fiche44.htm
fiches\fiche45.htm
fiches\fiche46.htm
fiches\fiche47.htm
fiches\fiche48.htm
fiches\fiche49.htm
fiches\fiche50.htm
fiches\fiche51.htm
fiches\fiche52.htm
fiches\fiche53.htm
fiches\fiche54.htm
fiches\fiche55.htm
fiches\fiche56.htm
fiches\fiche57.htm
fiches\fiche58.htm
fiches\fiche59.htm
fiches\fiche60.htm
images\pMedia1109.jpg
images\gMedia1109.JPG
fiches\fiche61.htm
fiches\fiche62.htm
fiches\fiche63.htm
images\pMedia1110.jpg
images\gMedia1110.JPG
fiches\fiche64.htm
fiches\fiche65.htm
fiches\fiche66.htm
fiches\fiche67.htm
fiches\fiche68.htm
fiches\fiche69.htm
fiches\fiche70.htm
fiches\fiche71.htm
fiches\fiche72.htm
images\pMedia961.jpg
images\gMedia961.JPG
fiches\fiche73.htm
images\pMedia963.jpg
images\gMedia963.JPG
fiches\fiche74.htm
fiches\fiche75.htm
fiches\fiche76.htm
fiches\fiche77.htm
fiches\fiche78.htm
fiches\fiche79.htm
images\pMedia290.jpg
images\gMedia290.jpg
fiches\fiche80.htm
fiches\fiche81.htm
fiches\fiche82.htm
fiches\fiche83.htm
fiches\fiche84.htm
fiches\fiche85.htm
images\pMedia291.jpg
images\gMedia291.jpg
images\pMedia295.jpg
images\gMedia295.JPG
fiches\fiche86.htm
images\pMedia1833.jpg
images\gMedia1833.JPG
images\pMedia289.jpg
images\gMedia289.JPG
fiches\fiche87.htm
images\pMedia297.jpg
images\gMedia297.JPG
fiches\fiche88.htm
images\pMedia294.jpg
images\gMedia294.JPG
images\pMedia296.jpg
images\gMedia296.JPG
fiches\fiche89.htm
images\pMedia298.jpg
images\gMedia298.JPG
fiches\fiche90.htm
images\pMedia297.jpg
images\gMedia297.JPG
fiches\fiche91.htm
fiches\fiche92.htm
fiches\fiche93.htm
fiches\fiche94.htm
images\pMedia195.jpg
images\gMedia195.JPG
fiches\fiche95.htm
images\pMedia196.jpg
images\gMedia196.JPG
fiches\fiche96.htm
fiches\fiche97.htm
fiches\fiche98.htm
fiches\fiche99.htm
fiches\fiche100.htm
fiches\fiche101.htm
fiches\fiche102.htm
fiches\fiche103.htm
fiches\fiche104.htm
fiches\fiche105.htm
fiches\fiche106.htm
fiches\fiche107.htm
fiches\fiche108.htm
fiches\fiche109.htm
fiches\fiche110.htm
fiches\fiche111.htm
images\pMedia218.jpg
images\gMedia218.JPG
fiches\fiche112.htm
fiches\fiche113.htm
fiches\fiche114.htm
fiches\fiche115.htm
images\pMedia1106.jpg
images\gMedia1106.JPG
fiches\fiche116.htm
fiches\fiche117.htm
fiches\fiche118.htm
individus\patronymes0.htm
individus\ascendance0.htm
individus\ascendance1.htm
individus\ascendance2.htm
individus\ascendance3.htm
individus\ascendance4.htm
individus\listeeclair0.htm
individus\listeeclair1.htm
lieux\lieux.htm
lieux\lieux0.htm
lieux\patroparlieux0.htm
lieux\patroparlieux1.htm
etats\etats.htm
etats\listeevenements0.htm
etats\listeevenements1.htm
etats\listeevenements2.htm
etats\listeevenements3.htm
etats\listeevenements4.htm
etats\listeevenements5.htm
etats\listeevenements6.htm
etats\listeevenements7.htm
etats\listemedias0.htm
etats\listemedias1.htm
etats\stats.htm
menu\menu.js
images\h.gif
images\f.gif
images\i.gif
images\sosa.gif
images\heredis.jpg
images\iconLeft.gif
images\iconTop.gif
images\iconRight.gif
images\branche.gif
images\branche1.gif
menu\coolmenus.js
menu\css.css
vcl50.bpl
h7html.exe
autorun.inf
HCD.ico
heredis\accueil.htm
dswmedia\arbre3D0.htm
dswmedia\arbre3D.htm
dswmedia\Arbre3d.dcr
index.htm
individus\individus.htm
individus\listeindividus0.htm
individus\listeindividus1.htm
individus\listeindividus2.htm
individus\listeindividus3.htm
individus\listeindividus4.htm
individus\listeindividus5.htm
fiches\fiche0.htm
fiches\fiche1.htm
fiches\fiche2.htm
images\pMedia217.jpg
images\gMedia217.JPG
fiches\fiche3.htm
images\pMedia288.jpg
images\gMedia288.jpg
fiches\fiche4.htm
fiches\fiche5.htm
fiches\fiche6.htm
fiches\fiche7.htm
fiches\fiche8.htm
images\pMedia1105.jpg
images\gMedia1105.JPG
fiches\fiche9.htm
fiches\fiche10.htm
fiches\fiche11.htm
fiches\fiche12.htm
fiches\fiche13.htm
fiches\fiche14.htm
fiches\fiche15.htm
fiches\fiche16.htm
fiches\fiche17.htm
fiches\fiche18.htm
fiches\fiche19.htm
fiches\fiche20.htm
fiches\fiche21.htm
images\pMedia219.jpg
images\gMedia219.JPG
fiches\fiche22.htm
images\pMedia226.jpg
images\gMedia226.JPG
fiches\fiche23.htm
fiches\fiche24.htm
fiches\fiche25.htm
fiches\fiche26.htm
fiches\fiche27.htm
fiches\fiche28.htm
fiches\fiche29.htm
fiches\fiche30.htm
fiches\fiche31.htm
fiches\fiche32.htm
fiches\fiche33.htm
fiches\fiche34.htm
images\pMedia197.jpg
images\gMedia197.JPG
fiches\fiche35.htm
fiches\fiche36.htm
fiches\fiche37.htm
fiches\fiche38.htm
fiches\fiche39.htm
fiches\fiche40.htm
fiches\fiche41.htm
fiches\fiche42.htm
fiches\fiche43.htm
fiches\fiche44.htm
fiches\fiche45.htm
fiches\fiche46.htm
fiches\fiche47.htm
fiches\fiche48.htm
fiches\fiche49.htm
fiches\fiche50.htm
fiches\fiche51.htm
fiches\fiche52.htm
fiches\fiche53.htm
fiches\fiche54.htm
fiches\fiche55.htm
fiches\fiche56.htm
fiches\fiche57.htm
fiches\fiche58.htm
fiches\fiche59.htm
fiches\fiche60.htm
images\pMedia1109.jpg
images\gMedia1109.JPG
fiches\fiche61.htm
fiches\fiche62.htm
fiches\fiche63.htm
images\pMedia1110.jpg
images\gMedia1110.JPG
fiches\fiche64.htm
fiches\fiche65.htm
fiches\fiche66.htm
fiches\fiche67.htm
fiches\fiche68.htm
fiches\fiche69.htm
fiches\fiche70.htm
fiches\fiche71.htm
fiches\fiche72.htm
images\pMedia961.jpg
images\gMedia961.JPG
fiches\fiche73.htm
images\pMedia963.jpg
images\gMedia963.JPG
fiches\fiche74.htm
fiches\fiche75.htm
fiches\fiche76.htm
fiches\fiche77.htm
fiches\fiche78.htm
fiches\fiche79.htm
images\pMedia290.jpg
images\gMedia290.jpg
fiches\fiche80.htm
fiches\fiche81.htm
fiches\fiche82.htm
fiches\fiche83.htm
fiches\fiche84.htm
fiches\fiche85.htm
images\pMedia291.jpg
images\gMedia291.jpg
images\pMedia295.jpg
images\gMedia295.JPG
fiches\fiche86.htm
images\pMedia1833.jpg
images\gMedia1833.JPG
images\pMedia289.jpg
images\gMedia289.JPG
fiches\fiche87.htm
images\pMedia297.jpg
images\gMedia297.JPG
fiches\fiche88.htm
images\pMedia294.jpg
images\gMedia294.JPG
images\pMedia296.jpg
images\gMedia296.JPG
fiches\fiche89.htm
images\pMedia298.jpg
images\gMedia298.JPG
fiches\fiche90.htm
images\pMedia297.jpg
images\gMedia297.JPG
fiches\fiche91.htm
fiches\fiche92.htm
fiches\fiche93.htm
fiches\fiche94.htm
images\pMedia195.jpg
images\gMedia195.JPG
fiches\fiche95.htm
images\pMedia196.jpg
images\gMedia196.JPG
fiches\fiche96.htm
fiches\fiche97.htm
fiches\fiche98.htm
fiches\fiche99.htm
fiches\fiche100.htm
fiches\fiche101.htm
fiches\fiche102.htm
fiches\fiche103.htm
fiches\fiche104.htm
fiches\fiche105.htm
fiches\fiche106.htm
fiches\fiche107.htm
fiches\fiche108.htm
fiches\fiche109.htm
fiches\fiche110.htm
fiches\fiche111.htm
images\pMedia218.jpg
images\gMedia218.JPG
fiches\fiche112.htm
fiches\fiche113.htm
fiches\fiche114.htm
fiches\fiche115.htm
images\pMedia1106.jpg
images\gMedia1106.JPG
fiches\fiche116.htm
fiches\fiche117.htm
fiches\fiche118.htm
individus\patronymes0.htm
individus\ascendance0.htm
individus\ascendance1.htm
individus\ascendance2.htm
individus\ascendance3.htm
individus\listeeclair0.htm
individus\listeeclair1.htm
lieux\lieux.htm
lieux\lieux0.htm
lieux\patroparlieux0.htm
lieux\patroparlieux1.htm
etats\etats.htm
etats\listeevenements0.htm
etats\listeevenements1.htm
etats\listeevenements2.htm
etats\listeevenements3.htm
etats\listeevenements4.htm
etats\listeevenements5.htm
etats\listeevenements6.htm
etats\listeevenements7.htm
etats\listemedias0.htm
etats\listemedias1.htm
etats\stats.htm
menu\menu.js
images\h.gif
images\f.gif
images\i.gif
images\sosa.gif
images\heredis.jpg
images\iconLeft.gif
images\iconTop.gif
images\iconRight.gif
images\branche.gif
images\branche1.gif
menu\coolmenus.js
menu\css.css
vcl50.bpl
h7html.exe
autorun.inf
HCD.ico
heredis\accueil.htm
dswmedia\arbre3D0.htm
dswmedia\arbre3D.htm
dswmedia\Arbre3d.dcr
index.htm
individus\individus.htm
individus\listeindividus0.htm
individus\listeindividus1.htm
individus\listeindividus2.htm
individus\listeindividus3.htm
individus\listeindividus4.htm
individus\listeindividus5.htm
individus\listeindividus6.htm
fiches\fiche0.htm
fiches\fiche1.htm
fiches\fiche2.htm
images\pMedia217.jpg
images\gMedia217.JPG
fiches\fiche3.htm
images\pMedia288.jpg
images\gMedia288.jpg
fiches\fiche4.htm
fiches\fiche5.htm
fiches\fiche6.htm
fiches\fiche7.htm
fiches\fiche8.htm
fiches\fiche9.htm
images\pMedia1105.jpg
images\gMedia1105.JPG
fiches\fiche10.htm
fiches\fiche11.htm
fiches\fiche12.htm
fiches\fiche13.htm
fiches\fiche14.htm
fiches\fiche15.htm
fiches\fiche16.htm
fiches\fiche17.htm
fiches\fiche18.htm
fiches\fiche19.htm
fiches\fiche20.htm
fiches\fiche21.htm
fiches\fiche22.htm
images\pMedia219.jpg
images\gMedia219.JPG
images\pMedia226.jpg
images\gMedia226.JPG
fiches\fiche23.htm
fiches\fiche24.htm
fiches\fiche25.htm
fiches\fiche26.htm
fiches\fiche27.htm
fiches\fiche28.htm
fiches\fiche29.htm
fiches\fiche30.htm
fiches\fiche31.htm
fiches\fiche32.htm
fiches\fiche33.htm
fiches\fiche34.htm
fiches\fiche35.htm
images\pMedia197.jpg
images\gMedia197.JPG
fiches\fiche36.htm
fiches\fiche37.htm
fiches\fiche38.htm
fiches\fiche39.htm
fiches\fiche40.htm
fiches\fiche41.htm
fiches\fiche42.htm
fiches\fiche43.htm
fiches\fiche44.htm
fiches\fiche45.htm
fiches\fiche46.htm
fiches\fiche47.htm
fiches\fiche48.htm
fiches\fiche49.htm
fiches\fiche50.htm
fiches\fiche51.htm
fiches\fiche52.htm
fiches\fiche53.htm
fiches\fiche54.htm
fiches\fiche55.htm
fiches\fiche56.htm
fiches\fiche57.htm
fiches\fiche58.htm
fiches\fiche59.htm
fiches\fiche60.htm
fiches\fiche61.htm
images\pMedia1109.jpg
images\gMedia1109.JPG
fiches\fiche62.htm
fiches\fiche63.htm
fiches\fiche64.htm
fiches\fiche65.htm
images\pMedia1110.jpg
images\gMedia1110.JPG
fiches\fiche66.htm
fiches\fiche67.htm
fiches\fiche68.htm
fiches\fiche69.htm
fiches\fiche70.htm
fiches\fiche71.htm
fiches\fiche72.htm
fiches\fiche73.htm
images\pMedia961.jpg
images\gMedia961.JPG
fiches\fiche74.htm
images\pMedia963.jpg
images\gMedia963.JPG
fiches\fiche75.htm
fiches\fiche76.htm
fiches\fiche77.htm
fiches\fiche78.htm
fiches\fiche79.htm
fiches\fiche80.htm
fiches\fiche81.htm
images\pMedia290.jpg
images\gMedia290.jpg
fiches\fiche82.htm
fiches\fiche83.htm
fiches\fiche84.htm
fiches\fiche85.htm
fiches\fiche86.htm
images\pMedia291.jpg
images\gMedia291.jpg
images\pMedia295.jpg
images\gMedia295.JPG
fiches\fiche87.htm
fiches\fiche88.htm
images\pMedia1833.jpg
images\gMedia1833.JPG
images\pMedia289.jpg
images\gMedia289.JPG
fiches\fiche89.htm
images\pMedia297.jpg
images\gMedia297.JPG
fiches\fiche90.htm
images\pMedia294.jpg
images\gMedia294.JPG
images\pMedia296.jpg
images\gMedia296.JPG
fiches\fiche91.htm
images\pMedia298.jpg
images\gMedia298.JPG
fiches\fiche92.htm
images\pMedia297.jpg
images\gMedia297.JPG
fiches\fiche93.htm
fiches\fiche94.htm
fiches\fiche95.htm
fiches\fiche96.htm
images\pMedia195.jpg
images\gMedia195.JPG
images\pMedia196.jpg
images\gMedia196.JPG
fiches\fiche97.htm
fiches\fiche98.htm
fiches\fiche99.htm
fiches\fiche100.htm
fiches\fiche101.htm
fiches\fiche102.htm
fiches\fiche103.htm
fiches\fiche104.htm
fiches\fiche105.htm
fiches\fiche106.htm
fiches\fiche107.htm
fiches\fiche108.htm
fiches\fiche109.htm
fiches\fiche110.htm
fiches\fiche111.htm
fiches\fiche112.htm
fiches\fiche113.htm
images\pMedia218.jpg
images\gMedia218.JPG
fiches\fiche114.htm
fiches\fiche115.htm
fiches\fiche116.htm
images\pMedia1106.jpg
images\gMedia1106.JPG
fiches\fiche117.htm
fiches\fiche118.htm
fiches\fiche119.htm
fiches\fiche120.htm
individus\patronymes0.htm
individus\ascendance0.htm
individus\listeeclair0.htm
individus\listeeclair1.htm
lieux\lieux.htm
lieux\lieux0.htm
lieux\patroparlieux0.htm
lieux\patroparlieux1.htm
etats\etats.htm
etats\listeevenements0.htm
etats\listeevenements1.htm
etats\listeevenements2.htm
etats\listeevenements3.htm
etats\listeevenements4.htm
etats\listeevenements5.htm
etats\listeevenements6.htm
etats\listeevenements7.htm
etats\listemedias0.htm
etats\listemedias1.htm
etats\stats.htm
menu\menu.js
images\h.gif
images\f.gif
images\i.gif
images\sosa.gif
images\heredis.jpg
images\iconLeft.gif
images\iconTop.gif
images\iconRight.gif
images\branche.gif
images\branche1.gif
menu\coolmenus.js
menu\css.css
vcl50.bpl
h7html.exe
autorun.inf
HCD.ico
heredis\accueil.htm
dswmedia\arbre3D0.htm
dswmedia\arbre3D.htm
dswmedia\Arbre3d.dcr
index.htm
individus\individus.htm
individus\listeindividus0.htm
individus\listeindividus1.htm
individus\listeindividus2.htm
individus\listeindividus3.htm
individus\listeindividus4.htm
individus\listeindividus5.htm
individus\listeindividus6.htm
fiches\fiche0.htm
fiches\fiche1.htm
fiches\fiche2.htm
images\pMedia217.jpg
images\gMedia217.JPG
fiches\fiche3.htm
images\pMedia288.jpg
images\gMedia288.jpg
fiches\fiche4.htm
fiches\fiche5.htm
fiches\fiche6.htm
fiches\fiche7.htm
fiches\fiche8.htm
fiches\fiche9.htm
images\pMedia1105.jpg
images\gMedia1105.JPG
fiches\fiche10.htm
fiches\fiche11.htm
fiches\fiche12.htm
fiches\fiche13.htm
fiches\fiche14.htm
fiches\fiche15.htm
fiches\fiche16.htm
fiches\fiche17.htm
fiches\fiche18.htm
fiches\fiche19.htm
fiches\fiche20.htm
fiches\fiche21.htm
fiches\fiche22.htm
images\pMedia219.jpg
images\gMedia219.JPG
images\pMedia226.jpg
images\gMedia226.JPG
fiches\fiche23.htm
fiches\fiche24.htm
fiches\fiche25.htm
fiches\fiche26.htm
fiches\fiche27.htm
fiches\fiche28.htm
fiches\fiche29.htm
fiches\fiche30.htm
fiches\fiche31.htm
fiches\fiche32.htm
fiches\fiche33.htm
fiches\fiche34.htm
fiches\fiche35.htm
images\pMedia197.jpg
images\gMedia197.JPG
fiches\fiche36.htm
fiches\fiche37.htm
fiches\fiche38.htm
fiches\fiche39.htm
fiches\fiche40.htm
fiches\fiche41.htm
fiches\fiche42.htm
fiches\fiche43.htm
fiches\fiche44.htm
fiches\fiche45.htm
fiches\fiche46.htm
fiches\fiche47.htm
fiches\fiche48.htm
fiches\fiche49.htm
fiches\fiche50.htm
fiches\fiche51.htm
fiches\fiche52.htm
fiches\fiche53.htm
fiches\fiche54.htm
fiches\fiche55.htm
fiches\fiche56.htm
fiches\fiche57.htm
fiches\fiche58.htm
fiches\fiche59.htm
fiches\fiche60.htm
fiches\fiche61.htm
images\pMedia1109.jpg
images\gMedia1109.JPG
fiches\fiche62.htm
fiches\fiche63.htm
fiches\fiche64.htm
fiches\fiche65.htm
images\pMedia1110.jpg
images\gMedia1110.JPG
fiches\fiche66.htm
fiches\fiche67.htm
fiches\fiche68.htm
fiches\fiche69.htm
fiches\fiche70.htm
fiches\fiche71.htm
fiches\fiche72.htm
fiches\fiche73.htm
images\pMedia961.jpg
images\gMedia961.JPG
fiches\fiche74.htm
images\pMedia963.jpg
images\gMedia963.JPG
fiches\fiche75.htm
fiches\fiche76.htm
fiches\fiche77.htm
fiches\fiche78.htm
fiches\fiche79.htm
fiches\fiche80.htm
fiches\fiche81.htm
images\pMedia290.jpg
images\gMedia290.jpg
fiches\fiche82.htm
fiches\fiche83.htm
fiches\fiche84.htm
fiches\fiche85.htm
fiches\fiche86.htm
fiches\fiche87.htm
images\pMedia291.jpg
images\gMedia291.jpg
images\pMedia295.jpg
images\gMedia295.JPG
fiches\fiche88.htm
images\pMedia1833.jpg
images\gMedia1833.JPG
images\pMedia289.jpg
images\gMedia289.JPG
fiches\fiche89.htm
images\pMedia297.jpg
images\gMedia297.JPG
fiches\fiche90.htm
images\pMedia294.jpg
images\gMedia294.JPG
images\pMedia296.jpg
images\gMedia296.JPG
fiches\fiche91.htm
images\pMedia298.jpg
images\gMedia298.JPG
fiches\fiche92.htm
images\pMedia297.jpg
images\gMedia297.JPG
fiches\fiche93.htm
fiches\fiche94.htm
fiches\fiche95.htm
fiches\fiche96.htm
images\pMedia195.jpg
images\gMedia195.JPG
fiches\fiche97.htm
images\pMedia196.jpg
images\gMedia196.JPG
fiches\fiche98.htm
fiches\fiche99.htm
fiches\fiche100.htm
fiches\fiche101.htm
fiches\fiche102.htm
fiches\fiche103.htm
fiches\fiche104.htm
fiches\fiche105.htm
fiches\fiche106.htm
fiches\fiche107.htm
fiches\fiche108.htm
fiches\fiche109.htm
fiches\fiche110.htm
fiches\fiche111.htm
fiches\fiche112.htm
fiches\fiche113.htm
images\pMedia218.jpg
images\gMedia218.JPG
fiches\fiche114.htm
fiches\fiche115.htm
fiches\fiche116.htm
fiches\fiche117.htm
images\pMedia1106.jpg
images\gMedia1106.JPG
fiches\fiche118.htm
fiches\fiche119.htm
fiches\fiche120.htm
individus\patronymes0.htm
individus\ascendance0.htm
individus\ascendance1.htm
individus\ascendance2.htm
individus\ascendance3.htm
individus\ascendance4.htm
individus\ascendance5.htm
individus\ascendance6.htm
individus\ascendance7.htm
individus\ascendance8.htm
individus\ascendance9.htm
individus\ascendance10.htm
individus\ascendance11.htm
individus\ascendance12.htm
individus\ascendance13.htm
individus\ascendance14.htm
individus\ascendance15.htm
individus\ascendance16.htm
individus\ascendance17.htm
individus\listeeclair0.htm
individus\listeeclair1.htm
lieux\lieux.htm
lieux\lieux0.htm
lieux\patroparlieux0.htm
lieux\patroparlieux1.htm
etats\etats.htm
etats\listeevenements0.htm
etats\listeevenements1.htm
etats\listeevenements2.htm
etats\listeevenements3.htm
etats\listeevenements4.htm
etats\listeevenements5.htm
etats\listeevenements6.htm
etats\listeevenements7.htm
etats\listemedias0.htm
etats\listemedias1.htm
etats\stats.htm
menu\menu.js
images\h.gif
images\f.gif
images\i.gif
images\sosa.gif
images\heredis.jpg
images\iconLeft.gif
images\iconTop.gif
images\iconRight.gif
images\branche.gif
images\branche1.gif
menu\coolmenus.js
menu\css.css
vcl50.bpl
h7html.exe
autorun.inf
HCD.ico
heredis\accueil.htm
dswmedia\arbre3D0.htm
dswmedia\arbre3D.htm
dswmedia\Arbre3d.dcr
index.htm
individus\individus.htm
individus\listeindividus0.htm
individus\listeindividus1.htm
individus\listeindividus2.htm
individus\listeindividus3.htm
individus\listeindividus4.htm
individus\listeindividus5.htm
individus\listeindividus6.htm
fiches\fiche0.htm
fiches\fiche1.htm
fiches\fiche2.htm
images\pMedia217.jpg
images\gMedia217.JPG
fiches\fiche3.htm
images\pMedia288.jpg
images\gMedia288.jpg
fiches\fiche4.htm
fiches\fiche5.htm
fiches\fiche6.htm
fiches\fiche7.htm
fiches\fiche8.htm
fiches\fiche9.htm
images\pMedia1105.jpg
images\gMedia1105.JPG
fiches\fiche10.htm
fiches\fiche11.htm
fiches\fiche12.htm
fiches\fiche13.htm
fiches\fiche14.htm
fiches\fiche15.htm
fiches\fiche16.htm
fiches\fiche17.htm
fiches\fiche18.htm
fiches\fiche19.htm
fiches\fiche20.htm
fiches\fiche21.htm
fiches\fiche22.htm
images\pMedia219.jpg
images\gMedia219.JPG
images\pMedia226.jpg
images\gMedia226.JPG
fiches\fiche23.htm
fiches\fiche24.htm
fiches\fiche25.htm
fiches\fiche26.htm
fiches\fiche27.htm
fiches\fiche28.htm
fiches\fiche29.htm
fiches\fiche30.htm
fiches\fiche31.htm
fiches\fiche32.htm
fiches\fiche33.htm
fiches\fiche34.htm
fiches\fiche35.htm
images\pMedia197.jpg
images\gMedia197.JPG
fiches\fiche36.htm
fiches\fiche37.htm
fiches\fiche38.htm
fiches\fiche39.htm
fiches\fiche40.htm
fiches\fiche41.htm
fiches\fiche42.htm
fiches\fiche43.htm
fiches\fiche44.htm
fiches\fiche45.htm
fiches\fiche46.htm
fiches\fiche47.htm
fiches\fiche48.htm
fiches\fiche49.htm
fiches\fiche50.htm
fiches\fiche51.htm
fiches\fiche52.htm
fiches\fiche53.htm
fiches\fiche54.htm
fiches\fiche55.htm
fiches\fiche56.htm
fiches\fiche57.htm
fiches\fiche58.htm
fiches\fiche59.htm
fiches\fiche60.htm
fiches\fiche61.htm
images\pMedia1109.jpg
images\gMedia1109.JPG
fiches\fiche62.htm
fiches\fiche63.htm
fiches\fiche64.htm
fiches\fiche65.htm
images\pMedia1110.jpg
images\gMedia1110.JPG
fiches\fiche66.htm
fiches\fiche67.htm
fiches\fiche68.htm
fiches\fiche69.htm
fiches\fiche70.htm
fiches\fiche71.htm
fiches\fiche72.htm
fiches\fiche73.htm
images\pMedia961.jpg
images\gMedia961.JPG
fiches\fiche74.htm
images\pMedia963.jpg
images\gMedia963.JPG
fiches\fiche75.htm
fiches\fiche76.htm
fiches\fiche77.htm
fiches\fiche78.htm
fiches\fiche79.htm
fiches\fiche80.htm
fiches\fiche81.htm
images\pMedia290.jpg
images\gMedia290.jpg
fiches\fiche82.htm
fiches\fiche83.htm
fiches\fiche84.htm
fiches\fiche85.htm
fiches\fiche86.htm
fiches\fiche87.htm
images\pMedia291.jpg
images\gMedia291.jpg
images\pMedia295.jpg
images\gMedia295.JPG
fiches\fiche88.htm
images\pMedia1833.jpg
images\gMedia1833.JPG
images\pMedia289.jpg
images\gMedia289.JPG
fiches\fiche89.htm
images\pMedia297.jpg
images\gMedia297.JPG
fiches\fiche90.htm
images\pMedia294.jpg
images\gMedia294.JPG
images\pMedia296.jpg
images\gMedia296.JPG
fiches\fiche91.htm
images\pMedia298.jpg
images\gMedia298.JPG
fiches\fiche92.htm
images\pMedia297.jpg
images\gMedia297.JPG
fiches\fiche93.htm
fiches\fiche94.htm
fiches\fiche95.htm
fiches\fiche96.htm
images\pMedia195.jpg
images\gMedia195.JPG
fiches\fiche97.htm
images\pMedia196.jpg
images\gMedia196.JPG
fiches\fiche98.htm
fiches\fiche99.htm
fiches\fiche100.htm
fiches\fiche101.htm
fiches\fiche102.htm
fiches\fiche103.htm
fiches\fiche104.htm
fiches\fiche105.htm
fiches\fiche106.htm
fiches\fiche107.htm
fiches\fiche108.htm
fiches\fiche109.htm
fiches\fiche110.htm
fiches\fiche111.htm
fiches\fiche112.htm
fiches\fiche113.htm
images\pMedia218.jpg
images\gMedia218.JPG
fiches\fiche114.htm
fiches\fiche115.htm
fiches\fiche116.htm
fiches\fiche117.htm
images\pMedia1106.jpg
images\gMedia1106.JPG
fiches\fiche118.htm
fiches\fiche119.htm
fiches\fiche120.htm
individus\patronymes0.htm
individus\ascendance0.htm
individus\ascendance1.htm
individus\ascendance2.htm
individus\ascendance3.htm
individus\ascendance4.htm
individus\ascendance5.htm
individus\ascendance6.htm
individus\ascendance7.htm
individus\ascendance8.htm
individus\ascendance9.htm
individus\ascendance10.htm
individus\ascendance11.htm
individus\ascendance12.htm
individus\ascendance13.htm
individus\ascendance14.htm
individus\ascendance15.htm
individus\ascendance16.htm
individus\ascendance17.htm
individus\listeeclair0.htm
individus\listeeclair1.htm
lieux\lieux.htm
lieux\lieux0.htm
lieux\patroparlieux0.htm
lieux\patroparlieux1.htm
etats\etats.htm
etats\listeevenements0.htm
etats\listeevenements1.htm
etats\listeevenements2.htm
etats\listeevenements3.htm
etats\listeevenements4.htm
etats\listeevenements5.htm
etats\listeevenements6.htm
etats\listeevenements7.htm
etats\listemedias0.htm
etats\listemedias1.htm
etats\stats.htm
menu\menu.js
images\h.gif
images\f.gif
images\i.gif
images\sosa.gif
images\heredis.jpg
images\iconLeft.gif
images\iconTop.gif
images\iconRight.gif
images\branche.gif
images\branche1.gif
images\fond.jpg
menu\coolmenus.js
menu\css.css
vcl50.bpl
h7html.exe
autorun.inf
HCD.ico
heredis\accueil.htm
dswmedia\arbre3D0.htm
dswmedia\arbre3D.htm
dswmedia\Arbre3d.dcr
index.htm
individus\individus.htm
individus\listeindividus0.htm
individus\listeindividus1.htm
individus\listeindividus2.htm
individus\listeindividus3.htm
individus\listeindividus4.htm
individus\listeindividus5.htm
individus\listeindividus6.htm
fiches\fiche0.htm
fiches\fiche1.htm
fiches\fiche2.htm
images\pMedia217.jpg
images\gMedia217.JPG
fiches\fiche3.htm
images\pMedia288.jpg
images\gMedia288.jpg
fiches\fiche4.htm
fiches\fiche5.htm
fiches\fiche6.htm
fiches\fiche7.htm
fiches\fiche8.htm
fiches\fiche9.htm
images\pMedia1105.jpg
images\gMedia1105.JPG
fiches\fiche10.htm
fiches\fiche11.htm
fiches\fiche12.htm
fiches\fiche13.htm
fiches\fiche14.htm
fiches\fiche15.htm
fiches\fiche16.htm
fiches\fiche17.htm
fiches\fiche18.htm
fiches\fiche19.htm
fiches\fiche20.htm
fiches\fiche21.htm
fiches\fiche22.htm
images\pMedia219.jpg
images\gMedia219.JPG
images\pMedia226.jpg
images\gMedia226.JPG
fiches\fiche23.htm
fiches\fiche24.htm
fiches\fiche25.htm
fiches\fiche26.htm
fiches\fiche27.htm
fiches\fiche28.htm
fiches\fiche29.htm
fiches\fiche30.htm
fiches\fiche31.htm
fiches\fiche32.htm
fiches\fiche33.htm
fiches\fiche34.htm
images\pMedia197.jpg
images\gMedia197.JPG
fiches\fiche35.htm
fiches\fiche36.htm
fiches\fiche37.htm
fiches\fiche38.htm
fiches\fiche39.htm
fiches\fiche40.htm
fiches\fiche41.htm
fiches\fiche42.htm
fiches\fiche43.htm
fiches\fiche44.htm
fiches\fiche45.htm
fiches\fiche46.htm
fiches\fiche47.htm
fiches\fiche48.htm
fiches\fiche49.htm
fiches\fiche50.htm
fiches\fiche51.htm
fiches\fiche52.htm
fiches\fiche53.htm
fiches\fiche54.htm
fiches\fiche55.htm
fiches\fiche56.htm
fiches\fiche57.htm
fiches\fiche58.htm
fiches\fiche59.htm
fiches\fiche60.htm
fiches\fiche61.htm
images\pMedia1109.jpg
images\gMedia1109.JPG
fiches\fiche62.htm
fiches\fiche63.htm
fiches\fiche64.htm
fiches\fiche65.htm
fiches\fiche66.htm
images\pMedia1110.jpg
images\gMedia1110.JPG
fiches\fiche67.htm
fiches\fiche68.htm
fiches\fiche69.htm
fiches\fiche70.htm
fiches\fiche71.htm
fiches\fiche72.htm
fiches\fiche73.htm
fiches\fiche74.htm
fiches\fiche75.htm
images\pMedia961.jpg
images\gMedia961.JPG
images\pMedia963.jpg
images\gMedia963.JPG
fiches\fiche76.htm
fiches\fiche77.htm
fiches\fiche78.htm
fiches\fiche79.htm
fiches\fiche80.htm
fiches\fiche81.htm
fiches\fiche82.htm
images\pMedia290.jpg
images\gMedia290.jpg
fiches\fiche83.htm
fiches\fiche84.htm
fiches\fiche85.htm
fiches\fiche86.htm
fiches\fiche87.htm
fiches\fiche88.htm
images\pMedia291.jpg
images\gMedia291.jpg
images\pMedia295.jpg
images\gMedia295.JPG
fiches\fiche89.htm
images\pMedia1833.jpg
images\gMedia1833.JPG
fiches\fiche90.htm
images\pMedia289.jpg
images\gMedia289.JPG
fiches\fiche91.htm
images\pMedia297.jpg
images\gMedia297.JPG
images\pMedia294.jpg
images\gMedia294.JPG
fiches\fiche92.htm
images\pMedia296.jpg
images\gMedia296.JPG
images\pMedia298.jpg
images\gMedia298.JPG
fiches\fiche93.htm
images\pMedia297.jpg
images\gMedia297.JPG
fiches\fiche94.htm
fiches\fiche95.htm
fiches\fiche96.htm
fiches\fiche97.htm
images\pMedia195.jpg
images\gMedia195.JPG
fiches\fiche98.htm
images\pMedia196.jpg
images\gMedia196.JPG
fiches\fiche99.htm
fiches\fiche100.htm
fiches\fiche101.htm
fiches\fiche102.htm
fiches\fiche103.htm
fiches\fiche104.htm
fiches\fiche105.htm
fiches\fiche106.htm
fiches\fiche107.htm
fiches\fiche108.htm
fiches\fiche109.htm
fiches\fiche110.htm
fiches\fiche111.htm
fiches\fiche112.htm
fiches\fiche113.htm
fiches\fiche114.htm
fiches\fiche115.htm
images\pMedia218.jpg
images\gMedia218.JPG
fiches\fiche116.htm
fiches\fiche117.htm
fiches\fiche118.htm
fiches\fiche119.htm
images\pMedia1106.jpg
images\gMedia1106.JPG
fiches\fiche120.htm
fiches\fiche121.htm
fiches\fiche122.htm
individus\patronymes0.htm
individus\ascendance0.htm
individus\ascendance1.htm
individus\ascendance2.htm
individus\ascendance3.htm
individus\ascendance4.htm
individus\ascendance5.htm
individus\ascendance6.htm
individus\ascendance7.htm
individus\ascendance8.htm
individus\ascendance9.htm
individus\ascendance10.htm
individus\ascendance11.htm
individus\ascendance12.htm
individus\ascendance13.htm
individus\ascendance14.htm
individus\ascendance15.htm
individus\ascendance16.htm
individus\ascendance17.htm
individus\listeeclair0.htm
individus\listeeclair1.htm
lieux\lieux.htm
lieux\lieux0.htm
lieux\patroparlieux0.htm
lieux\patroparlieux1.htm
etats\etats.htm
etats\listeevenements0.htm
etats\listeevenements1.htm
etats\listeevenements2.htm
etats\listeevenements3.htm
etats\listeevenements4.htm
etats\listeevenements5.htm
etats\listeevenements6.htm
etats\listeevenements7.htm
etats\listemedias0.htm
etats\listemedias1.htm
etats\stats.htm
menu\menu.js
images\h.gif
images\f.gif
images\i.gif
images\sosa.gif
images\heredis.jpg
images\iconLeft.gif
images\iconTop.gif
images\iconRight.gif
images\branche.gif
images\branche1.gif
images\fond.jpg
menu\coolmenus.js
menu\css.css
vcl50.bpl
h7html.exe
autorun.inf
HCD.ico
heredis\Fthibged.GED
heredis\accueil.htm
dswmedia\arbre3D0.htm
dswmedia\arbre3D.htm
dswmedia\Arbre3d.dcr
index.htm
individus\individus.htm
individus\listeindividus0.htm
individus\listeindividus1.htm
individus\listeindividus2.htm
individus\listeindividus3.htm
individus\listeindividus4.htm
individus\listeindividus5.htm
individus\listeindividus6.htm
fiches\fiche0.htm
fiches\fiche1.htm
fiches\fiche2.htm
images\pMedia217.jpg
images\gMedia217.JPG
fiches\fiche3.htm
images\pMedia288.jpg
images\gMedia288.jpg
fiches\fiche4.htm
fiches\fiche5.htm
fiches\fiche6.htm
fiches\fiche7.htm
fiches\fiche8.htm
fiches\fiche9.htm
images\pMedia1105.jpg
images\gMedia1105.JPG
fiches\fiche10.htm
fiches\fiche11.htm
fiches\fiche12.htm
fiches\fiche13.htm
fiches\fiche14.htm
fiches\fiche15.htm
fiches\fiche16.htm
fiches\fiche17.htm
fiches\fiche18.htm
fiches\fiche19.htm
fiches\fiche20.htm
fiches\fiche21.htm
fiches\fiche22.htm
images\pMedia219.jpg
images\gMedia219.JPG
images\pMedia226.jpg
images\gMedia226.JPG
fiches\fiche23.htm
fiches\fiche24.htm
fiches\fiche25.htm
fiches\fiche26.htm
fiches\fiche27.htm
fiches\fiche28.htm
fiches\fiche29.htm
fiches\fiche30.htm
fiches\fiche31.htm
fiches\fiche32.htm
fiches\fiche33.htm
fiches\fiche34.htm
images\pMedia197.jpg
images\gMedia197.JPG
fiches\fiche35.htm
fiches\fiche36.htm
fiches\fiche37.htm
fiches\fiche38.htm
fiches\fiche39.htm
fiches\fiche40.htm
fiches\fiche41.htm
fiches\fiche42.htm
fiches\fiche43.htm
fiches\fiche44.htm
fiches\fiche45.htm
fiches\fiche46.htm
fiches\fiche47.htm
fiches\fiche48.htm
fiches\fiche49.htm
fiches\fiche50.htm
fiches\fiche51.htm
fiches\fiche52.htm
fiches\fiche53.htm
fiches\fiche54.htm
fiches\fiche55.htm
fiches\fiche56.htm
fiches\fiche57.htm
fiches\fiche58.htm
fiches\fiche59.htm
fiches\fiche60.htm
fiches\fiche61.htm
images\pMedia1109.jpg
images\gMedia1109.JPG
fiches\fiche62.htm
fiches\fiche63.htm
fiches\fiche64.htm
fiches\fiche65.htm
fiches\fiche66.htm
images\pMedia1110.jpg
images\gMedia1110.JPG
fiches\fiche67.htm
fiches\fiche68.htm
fiches\fiche69.htm
fiches\fiche70.htm
fiches\fiche71.htm
fiches\fiche72.htm
fiches\fiche73.htm
fiches\fiche74.htm
fiches\fiche75.htm
images\pMedia961.jpg
images\gMedia961.JPG
images\pMedia963.jpg
images\gMedia963.JPG
fiches\fiche76.htm
fiches\fiche77.htm
fiches\fiche78.htm
fiches\fiche79.htm
fiches\fiche80.htm
fiches\fiche81.htm
fiches\fiche82.htm
images\pMedia290.jpg
images\gMedia290.jpg
fiches\fiche83.htm
fiches\fiche84.htm
fiches\fiche85.htm
fiches\fiche86.htm
fiches\fiche87.htm
fiches\fiche88.htm
images\pMedia291.jpg
images\gMedia291.jpg
images\pMedia295.jpg
images\gMedia295.JPG
fiches\fiche89.htm
fiches\fiche90.htm
images\pMedia1833.jpg
images\gMedia1833.JPG
images\pMedia289.jpg
images\gMedia289.JPG
fiches\fiche91.htm
images\pMedia297.jpg
images\gMedia297.JPG
fiches\fiche92.htm
images\pMedia294.jpg
images\gMedia294.JPG
images\pMedia296.jpg
images\gMedia296.JPG
fiches\fiche93.htm
images\pMedia298.jpg
images\gMedia298.JPG
images\pMedia297.jpg
images\gMedia297.JPG
fiches\fiche94.htm
fiches\fiche95.htm
fiches\fiche96.htm
fiches\fiche97.htm
fiches\fiche98.htm
images\pMedia195.jpg
images\gMedia195.JPG
images\pMedia196.jpg
images\gMedia196.JPG
fiches\fiche99.htm
fiches\fiche100.htm
fiches\fiche101.htm
fiches\fiche102.htm
fiches\fiche103.htm
fiches\fiche104.htm
fiches\fiche105.htm
fiches\fiche106.htm
fiches\fiche107.htm
fiches\fiche108.htm
fiches\fiche109.htm
fiches\fiche110.htm
fiches\fiche111.htm
fiches\fiche112.htm
fiches\fiche113.htm
fiches\fiche114.htm
fiches\fiche115.htm
fiches\fiche116.htm
images\pMedia218.jpg
images\gMedia218.JPG
fiches\fiche117.htm
fiches\fiche118.htm
fiches\fiche119.htm
images\pMedia1106.jpg
images\gMedia1106.JPG
fiches\fiche120.htm
fiches\fiche121.htm
fiches\fiche122.htm
individus\patronymes0.htm
individus\ascendance0.htm
individus\ascendance1.htm
individus\listeeclair0.htm
individus\listeeclair1.htm
lieux\lieux.htm
lieux\lieux0.htm
lieux\patroparlieux0.htm
lieux\patroparlieux1.htm
etats\etats.htm
etats\listeevenements0.htm
etats\listeevenements1.htm
etats\listeevenements2.htm
etats\listeevenements3.htm
etats\listeevenements4.htm
etats\listeevenements5.htm
etats\listeevenements6.htm
etats\listeevenements7.htm
etats\listemedias0.htm
etats\listemedias1.htm
etats\stats.htm
menu\menu.js
images\h.gif
images\f.gif
images\i.gif
images\sosa.gif
images\heredis.jpg
images\iconLeft.gif
images\iconTop.gif
images\iconRight.gif
images\branche.gif
images\branche1.gif
menu\coolmenus.js
menu\css.css
vcl50.bpl
h7html.exe
autorun.inf
HCD.ico
heredis\accueil.htm
dswmedia\arbre3D0.htm
dswmedia\arbre3D.htm
dswmedia\Arbre3d.dcr
index.htm
individus\individus.htm
individus\listeindividus0.htm
individus\listeindividus1.htm
individus\listeindividus2.htm
individus\listeindividus3.htm
individus\listeindividus4.htm
individus\listeindividus5.htm
individus\listeindividus6.htm
fiches\fiche0.htm
fiches\fiche1.htm
fiches\fiche2.htm
images\pMedia217.jpg
images\gMedia217.JPG
fiches\fiche3.htm
images\pMedia288.jpg
images\gMedia288.jpg
fiches\fiche4.htm
fiches\fiche5.htm
fiches\fiche6.htm
fiches\fiche7.htm
fiches\fiche8.htm
fiches\fiche9.htm
images\pMedia1105.jpg
images\gMedia1105.JPG
fiches\fiche10.htm
fiches\fiche11.htm
fiches\fiche12.htm
fiches\fiche13.htm
fiches\fiche14.htm
fiches\fiche15.htm
fiches\fiche16.htm
fiches\fiche17.htm
fiches\fiche18.htm
fiches\fiche19.htm
fiches\fiche20.htm
fiches\fiche21.htm
fiches\fiche22.htm
images\pMedia219.jpg
images\gMedia219.JPG
images\pMedia226.jpg
images\gMedia226.JPG
fiches\fiche23.htm
fiches\fiche24.htm
fiches\fiche25.htm
fiches\fiche26.htm
fiches\fiche27.htm
fiches\fiche28.htm
fiches\fiche29.htm
fiches\fiche30.htm
fiches\fiche31.htm
fiches\fiche32.htm
fiches\fiche33.htm
fiches\fiche34.htm
images\pMedia197.jpg
images\gMedia197.JPG
fiches\fiche35.htm
fiches\fiche36.htm
fiches\fiche37.htm
fiches\fiche38.htm
fiches\fiche39.htm
fiches\fiche40.htm
fiches\fiche41.htm
fiches\fiche42.htm
fiches\fiche43.htm
fiches\fiche44.htm
fiches\fiche45.htm
fiches\fiche46.htm
fiches\fiche47.htm
fiches\fiche48.htm
fiches\fiche49.htm
fiches\fiche50.htm
fiches\fiche51.htm
fiches\fiche52.htm
fiches\fiche53.htm
fiches\fiche54.htm
fiches\fiche55.htm
fiches\fiche56.htm
fiches\fiche57.htm
fiches\fiche58.htm
fiches\fiche59.htm
fiches\fiche60.htm
fiches\fiche61.htm
fiches\fiche62.htm
images\pMedia1109.jpg
images\gMedia1109.JPG
fiches\fiche63.htm
fiches\fiche64.htm
fiches\fiche65.htm
fiches\fiche66.htm
images\pMedia1110.jpg
images\gMedia1110.JPG
fiches\fiche67.htm
fiches\fiche68.htm
fiches\fiche69.htm
fiches\fiche70.htm
fiches\fiche71.htm
fiches\fiche72.htm
fiches\fiche73.htm
fiches\fiche74.htm
fiches\fiche75.htm
images\pMedia961.jpg
images\gMedia961.JPG
fiches\fiche76.htm
images\pMedia963.jpg
images\gMedia963.JPG
fiches\fiche77.htm
fiches\fiche78.htm
fiches\fiche79.htm
fiches\fiche80.htm
fiches\fiche81.htm
fiches\fiche82.htm
images\pMedia290.jpg
images\gMedia290.jpg
fiches\fiche83.htm
fiches\fiche84.htm
fiches\fiche85.htm
fiches\fiche86.htm
fiches\fiche87.htm
fiches\fiche88.htm
images\pMedia291.jpg
images\gMedia291.jpg
images\pMedia295.jpg
images\gMedia295.JPG
fiches\fiche89.htm
fiches\fiche90.htm
images\pMedia1833.jpg
images\gMedia1833.JPG
images\pMedia289.jpg
images\gMedia289.JPG
fiches\fiche91.htm
images\pMedia297.jpg
images\gMedia297.JPG
fiches\fiche92.htm
images\pMedia294.jpg
images\gMedia294.JPG
images\pMedia296.jpg
images\gMedia296.JPG
fiches\fiche93.htm
images\pMedia298.jpg
images\gMedia298.JPG
images\pMedia297.jpg
images\gMedia297.JPG
fiches\fiche94.htm
fiches\fiche95.htm
fiches\fiche96.htm
fiches\fiche97.htm
fiches\fiche98.htm
images\pMedia195.jpg
images\gMedia195.JPG
images\pMedia196.jpg
images\gMedia196.JPG
fiches\fiche99.htm
fiches\fiche100.htm
fiches\fiche101.htm
fiches\fiche102.htm
fiches\fiche103.htm
fiches\fiche104.htm
fiches\fiche105.htm
fiches\fiche106.htm
fiches\fiche107.htm
fiches\fiche108.htm
fiches\fiche109.htm
fiches\fiche110.htm
fiches\fiche111.htm
fiches\fiche112.htm
fiches\fiche113.htm
fiches\fiche114.htm
fiches\fiche115.htm
fiches\fiche116.htm
images\pMedia218.jpg
images\gMedia218.JPG
fiches\fiche117.htm
fiches\fiche118.htm
fiches\fiche119.htm
images\pMedia1106.jpg
images\gMedia1106.JPG
fiches\fiche120.htm
fiches\fiche121.htm
fiches\fiche122.htm
individus\patronymes0.htm
individus\ascendance0.htm
individus\ascendance1.htm
individus\ascendance2.htm
individus\ascendance3.htm
individus\ascendance4.htm
individus\ascendance5.htm
individus\ascendance6.htm
individus\ascendance7.htm
individus\ascendance8.htm
individus\ascendance9.htm
individus\ascendance10.htm
individus\ascendance11.htm
individus\ascendance12.htm
individus\ascendance13.htm
individus\ascendance14.htm
individus\ascendance15.htm
individus\ascendance16.htm
individus\ascendance17.htm
individus\listeeclair0.htm
individus\listeeclair1.htm
lieux\lieux.htm
lieux\lieux0.htm
lieux\patroparlieux0.htm
etats\etats.htm
etats\listeevenements0.htm
etats\listeevenements1.htm
etats\listeevenements2.htm
etats\listeevenements3.htm
etats\listeevenements4.htm
etats\listeevenements5.htm
etats\listeevenements6.htm
etats\listeevenements7.htm
etats\listemedias0.htm
etats\listemedias1.htm
etats\stats.htm
menu\menu.js
images\h.gif
images\f.gif
images\i.gif
images\sosa.gif
images\heredis.jpg
images\iconLeft.gif
images\iconTop.gif
images\iconRight.gif
images\branche.gif
images\branche1.gif
images\fond.jpg
menu\coolmenus.js
menu\css.css
vcl50.bpl
h7html.exe
autorun.inf
HCD.ico
heredis\accueil.htm
dswmedia\arbre3D544.htm
dswmedia\arbre3D.htm
dswmedia\Arbre3d.dcr
index.htm
individus\individus.htm
individus\listeindividus0.htm
individus\listeindividus1.htm
individus\listeindividus2.htm
individus\listeindividus3.htm
individus\listeindividus4.htm
individus\listeindividus5.htm
individus\listeindividus6.htm
fiches\fiche0.htm
fiches\fiche1.htm
fiches\fiche2.htm
images\pMedia217.jpg
images\gMedia217.JPG
fiches\fiche3.htm
images\pMedia288.jpg
images\gMedia288.jpg
fiches\fiche4.htm
fiches\fiche5.htm
fiches\fiche6.htm
fiches\fiche7.htm
fiches\fiche8.htm
fiches\fiche9.htm
images\pMedia1105.jpg
images\gMedia1105.JPG
fiches\fiche10.htm
fiches\fiche11.htm
fiches\fiche12.htm
fiches\fiche13.htm
fiches\fiche14.htm
fiches\fiche15.htm
fiches\fiche16.htm
fiches\fiche17.htm
fiches\fiche18.htm
fiches\fiche19.htm
fiches\fiche20.htm
fiches\fiche21.htm
fiches\fiche22.htm
images\pMedia219.jpg
images\gMedia219.JPG
images\pMedia226.jpg
images\gMedia226.JPG
fiches\fiche23.htm
fiches\fiche24.htm
fiches\fiche25.htm
fiches\fiche26.htm
fiches\fiche27.htm
fiches\fiche28.htm
fiches\fiche29.htm
fiches\fiche30.htm
fiches\fiche31.htm
fiches\fiche32.htm
fiches\fiche33.htm
fiches\fiche34.htm
images\pMedia197.jpg
images\gMedia197.JPG
fiches\fiche35.htm
fiches\fiche36.htm
fiches\fiche37.htm
fiches\fiche38.htm
fiches\fiche39.htm
fiches\fiche40.htm
fiches\fiche41.htm
fiches\fiche42.htm
fiches\fiche43.htm
fiches\fiche44.htm
fiches\fiche45.htm
fiches\fiche46.htm
fiches\fiche47.htm
fiches\fiche48.htm
fiches\fiche49.htm
fiches\fiche50.htm
fiches\fiche51.htm
fiches\fiche52.htm
fiches\fiche53.htm
fiches\fiche54.htm
fiches\fiche55.htm
fiches\fiche56.htm
fiches\fiche57.htm
fiches\fiche58.htm
fiches\fiche59.htm
fiches\fiche60.htm
fiches\fiche61.htm
fiches\fiche62.htm
images\pMedia1109.jpg
images\gMedia1109.JPG
fiches\fiche63.htm
fiches\fiche64.htm
fiches\fiche65.htm
fiches\fiche66.htm
images\pMedia1110.jpg
images\gMedia1110.JPG
fiches\fiche67.htm
fiches\fiche68.htm
fiches\fiche69.htm
fiches\fiche70.htm
fiches\fiche71.htm
fiches\fiche72.htm
fiches\fiche73.htm
fiches\fiche74.htm
fiches\fiche75.htm
images\pMedia961.jpg
images\gMedia961.JPG
fiches\fiche76.htm
images\pMedia963.jpg
images\gMedia963.JPG
fiches\fiche77.htm
fiches\fiche78.htm
fiches\fiche79.htm
fiches\fiche80.htm
fiches\fiche81.htm
fiches\fiche82.htm
images\pMedia290.jpg
images\gMedia290.jpg
fiches\fiche83.htm
fiches\fiche84.htm
fiches\fiche85.htm
fiches\fiche86.htm
fiches\fiche87.htm
fiches\fiche88.htm
images\pMedia291.jpg
images\gMedia291.jpg
images\pMedia295.jpg
images\gMedia295.JPG
fiches\fiche89.htm
fiches\fiche90.htm
images\pMedia1833.jpg
images\gMedia1833.JPG
images\pMedia289.jpg
images\gMedia289.JPG
fiches\fiche91.htm
images\pMedia297.jpg
images\gMedia297.JPG
fiches\fiche92.htm
images\pMedia294.jpg
images\gMedia294.JPG
images\pMedia296.jpg
images\gMedia296.JPG
fiches\fiche93.htm
images\pMedia298.jpg
images\gMedia298.JPG
images\pMedia297.jpg
images\gMedia297.JPG
fiches\fiche94.htm
fiches\fiche95.htm
fiches\fiche96.htm
fiches\fiche97.htm
fiches\fiche98.htm
images\pMedia195.jpg
images\gMedia195.JPG
images\pMedia196.jpg
images\gMedia196.JPG
fiches\fiche99.htm
fiches\fiche100.htm
fiches\fiche101.htm
fiches\fiche102.htm
fiches\fiche103.htm
fiches\fiche104.htm
fiches\fiche105.htm
fiches\fiche106.htm
fiches\fiche107.htm
fiches\fiche108.htm
fiches\fiche109.htm
fiches\fiche110.htm
fiches\fiche111.htm
fiches\fiche112.htm
fiches\fiche113.htm
fiches\fiche114.htm
fiches\fiche115.htm
fiches\fiche116.htm
images\pMedia218.jpg
images\gMedia218.JPG
fiches\fiche117.htm
fiches\fiche118.htm
fiches\fiche119.htm
images\pMedia1106.jpg
images\gMedia1106.JPG
fiches\fiche120.htm
fiches\fiche121.htm
fiches\fiche122.htm
individus\patronymes0.htm
individus\ascendance0.htm
individus\ascendance1.htm
individus\ascendance2.htm
individus\ascendance3.htm
individus\ascendance4.htm
individus\ascendance5.htm
individus\ascendance6.htm
individus\ascendance7.htm
individus\ascendance8.htm
individus\ascendance9.htm
individus\ascendance10.htm
individus\ascendance11.htm
individus\ascendance12.htm
individus\ascendance13.htm
individus\ascendance14.htm
individus\ascendance15.htm
individus\ascendance16.htm
individus\ascendance17.htm
individus\listeeclair0.htm
individus\listeeclair1.htm
lieux\lieux.htm
lieux\lieux0.htm
lieux\patroparlieux0.htm
etats\etats.htm
etats\listeevenements0.htm
etats\listeevenements1.htm
etats\listeevenements2.htm
etats\listeevenements3.htm
etats\listeevenements4.htm
etats\listeevenements5.htm
etats\listeevenements6.htm
etats\listeevenements7.htm
etats\listemedias0.htm
etats\listemedias1.htm
etats\stats.htm
menu\menu.js
images\h.gif
images\f.gif
images\i.gif
images\sosa.gif
images\heredis.jpg
images\iconLeft.gif
images\iconTop.gif
images\iconRight.gif
images\branche.gif
images\branche1.gif
images\fond.jpg
menu\coolmenus.js
menu\css.css
vcl50.bpl
h7html.exe
autorun.inf
HCD.ico
heredis\Fthib.GED
heredis\accueil.htm
dswmedia\arbre3D0.htm
dswmedia\arbre3D.htm
dswmedia\Arbre3d.dcr
index.htm
individus\individus.htm
individus\listeindividus0.htm
individus\listeindividus1.htm
individus\listeindividus2.htm
individus\listeindividus3.htm
individus\listeindividus4.htm
individus\listeindividus5.htm
individus\listeindividus6.htm
fiches\fiche0.htm
fiches\fiche1.htm
fiches\fiche2.htm
images\pMedia217.jpg
images\gMedia217.JPG
fiches\fiche3.htm
images\pMedia288.jpg
images\gMedia288.jpg
fiches\fiche4.htm
fiches\fiche5.htm
fiches\fiche6.htm
fiches\fiche7.htm
fiches\fiche8.htm
fiches\fiche9.htm
images\pMedia1105.jpg
images\gMedia1105.JPG
fiches\fiche10.htm
fiches\fiche11.htm
fiches\fiche12.htm
fiches\fiche13.htm
fiches\fiche14.htm
fiches\fiche15.htm
fiches\fiche16.htm
fiches\fiche17.htm
fiches\fiche18.htm
fiches\fiche19.htm
fiches\fiche20.htm
fiches\fiche21.htm
fiches\fiche22.htm
images\pMedia219.jpg
images\gMedia219.JPG
images\pMedia226.jpg
images\gMedia226.JPG
fiches\fiche23.htm
fiches\fiche24.htm
fiches\fiche25.htm
fiches\fiche26.htm
fiches\fiche27.htm
fiches\fiche28.htm
fiches\fiche29.htm
fiches\fiche30.htm
fiches\fiche31.htm
fiches\fiche32.htm
fiches\fiche33.htm
fiches\fiche34.htm
images\pMedia197.jpg
images\gMedia197.JPG
fiches\fiche35.htm
fiches\fiche36.htm
fiches\fiche37.htm
fiches\fiche38.htm
fiches\fiche39.htm
fiches\fiche40.htm
fiches\fiche41.htm
fiches\fiche42.htm
fiches\fiche43.htm
fiches\fiche44.htm
fiches\fiche45.htm
fiches\fiche46.htm
fiches\fiche47.htm
fiches\fiche48.htm
fiches\fiche49.htm
fiches\fiche50.htm
fiches\fiche51.htm
fiches\fiche52.htm
fiches\fiche53.htm
fiches\fiche54.htm
fiches\fiche55.htm
fiches\fiche56.htm
fiches\fiche57.htm
fiches\fiche58.htm
fiches\fiche59.htm
fiches\fiche60.htm
fiches\fiche61.htm
fiches\fiche62.htm
images\pMedia1109.jpg
images\gMedia1109.JPG
fiches\fiche63.htm
fiches\fiche64.htm
fiches\fiche65.htm
fiches\fiche66.htm
images\pMedia1110.jpg
images\gMedia1110.JPG
fiches\fiche67.htm
fiches\fiche68.htm
fiches\fiche69.htm
fiches\fiche70.htm
fiches\fiche71.htm
fiches\fiche72.htm
fiches\fiche73.htm
fiches\fiche74.htm
fiches\fiche75.htm
images\pMedia961.jpg
images\gMedia961.JPG
fiches\fiche76.htm
images\pMedia963.jpg
images\gMedia963.JPG
fiches\fiche77.htm
fiches\fiche78.htm
fiches\fiche79.htm
fiches\fiche80.htm
fiches\fiche81.htm
fiches\fiche82.htm
images\pMedia290.jpg
images\gMedia290.jpg
fiches\fiche83.htm
fiches\fiche84.htm
fiches\fiche85.htm
fiches\fiche86.htm
fiches\fiche87.htm
fiches\fiche88.htm
images\pMedia291.jpg
images\gMedia291.jpg
images\pMedia295.jpg
images\gMedia295.JPG
fiches\fiche89.htm
fiches\fiche90.htm
images\pMedia1833.jpg
images\gMedia1833.JPG
images\pMedia289.jpg
images\gMedia289.JPG
fiches\fiche91.htm
images\pMedia297.jpg
images\gMedia297.JPG
fiches\fiche92.htm
images\pMedia294.jpg
images\gMedia294.JPG
images\pMedia296.jpg
images\gMedia296.JPG
fiches\fiche93.htm
images\pMedia298.jpg
images\gMedia298.JPG
images\pMedia297.jpg
images\gMedia297.JPG
fiches\fiche94.htm
fiches\fiche95.htm
fiches\fiche96.htm
fiches\fiche97.htm
fiches\fiche98.htm
images\pMedia195.jpg
images\gMedia195.JPG
images\pMedia196.jpg
images\gMedia196.JPG
fiches\fiche99.htm
fiches\fiche100.htm
fiches\fiche101.htm
fiches\fiche102.htm
fiches\fiche103.htm
fiches\fiche104.htm
fiches\fiche105.htm
fiches\fiche106.htm
fiches\fiche107.htm
fiches\fiche108.htm
fiches\fiche109.htm
fiches\fiche110.htm
fiches\fiche111.htm
fiches\fiche112.htm
fiches\fiche113.htm
fiches\fiche114.htm
fiches\fiche115.htm
fiches\fiche116.htm
images\pMedia218.jpg
images\gMedia218.JPG
fiches\fiche117.htm
fiches\fiche118.htm
fiches\fiche119.htm
images\pMedia1106.jpg
images\gMedia1106.JPG
fiches\fiche120.htm
fiches\fiche121.htm
fiches\fiche122.htm
individus\patronymes0.htm
individus\ascendance0.htm
individus\ascendance1.htm
individus\ascendance2.htm
individus\ascendance3.htm
individus\ascendance4.htm
individus\ascendance5.htm
individus\ascendance6.htm
individus\ascendance7.htm
individus\ascendance8.htm
individus\ascendance9.htm
individus\ascendance10.htm
individus\ascendance11.htm
individus\ascendance12.htm
individus\ascendance13.htm
individus\ascendance14.htm
individus\ascendance15.htm
individus\ascendance16.htm
individus\ascendance17.htm
individus\listeeclair0.htm
individus\listeeclair1.htm
lieux\lieux.htm
lieux\lieux0.htm
lieux\patroparlieux0.htm
etats\etats.htm
etats\listeevenements0.htm
etats\listeevenements1.htm
etats\listeevenements2.htm
etats\listeevenements3.htm
etats\listeevenements4.htm
etats\listeevenements5.htm
etats\listeevenements6.htm
etats\listeevenements7.htm
etats\listemedias0.htm
etats\listemedias1.htm
etats\stats.htm
menu\menu.js
images\h.gif
images\f.gif
images\i.gif
images\sosa.gif
images\heredis.jpg
images\iconLeft.gif
images\iconTop.gif
images\iconRight.gif
images\branche.gif
images\branche1.gif
images\fond.jpg
menu\coolmenus.js
menu\css.css
vcl50.bpl
h7html.exe
autorun.inf
HCD.ico
heredis\Fthib.GED
heredis\accueil.htm
dswmedia\arbre3D544.htm
dswmedia\arbre3D.htm
dswmedia\Arbre3d.dcr
index.htm
individus\individus.htm
individus\listeindividus0.htm
individus\listeindividus1.htm
individus\listeindividus2.htm
individus\listeindividus3.htm
individus\listeindividus4.htm
individus\listeindividus5.htm
individus\listeindividus6.htm
fiches\fiche0.htm
fiches\fiche1.htm
fiches\fiche2.htm
images\pMedia217.jpg
images\gMedia217.JPG
fiches\fiche3.htm
images\pMedia288.jpg
images\gMedia288.jpg
fiches\fiche4.htm
fiches\fiche5.htm
fiches\fiche6.htm
fiches\fiche7.htm
fiches\fiche8.htm
fiches\fiche9.htm
images\pMedia1105.jpg
images\gMedia1105.JPG
fiches\fiche10.htm
fiches\fiche11.htm
fiches\fiche12.htm
fiches\fiche13.htm
fiches\fiche14.htm
fiches\fiche15.htm
fiches\fiche16.htm
fiches\fiche17.htm
fiches\fiche18.htm
fiches\fiche19.htm
fiches\fiche20.htm
fiches\fiche21.htm
fiches\fiche22.htm
images\pMedia219.jpg
images\gMedia219.JPG
images\pMedia226.jpg
images\gMedia226.JPG
fiches\fiche23.htm
fiches\fiche24.htm
fiches\fiche25.htm
fiches\fiche26.htm
fiches\fiche27.htm
fiches\fiche28.htm
fiches\fiche29.htm
fiches\fiche30.htm
fiches\fiche31.htm
fiches\fiche32.htm
fiches\fiche33.htm
fiches\fiche34.htm
images\pMedia197.jpg
images\gMedia197.JPG
fiches\fiche35.htm
fiches\fiche36.htm
fiches\fiche37.htm
fiches\fiche38.htm
fiches\fiche39.htm
fiches\fiche40.htm
fiches\fiche41.htm
fiches\fiche42.htm
fiches\fiche43.htm
fiches\fiche44.htm
fiches\fiche45.htm
fiches\fiche46.htm
fiches\fiche47.htm
fiches\fiche48.htm
fiches\fiche49.htm
fiches\fiche50.htm
fiches\fiche51.htm
fiches\fiche52.htm
fiches\fiche53.htm
fiches\fiche54.htm
fiches\fiche55.htm
fiches\fiche56.htm
fiches\fiche57.htm
fiches\fiche58.htm
fiches\fiche59.htm
fiches\fiche60.htm
fiches\fiche61.htm
fiches\fiche62.htm
images\pMedia1109.jpg
images\gMedia1109.JPG
fiches\fiche63.htm
fiches\fiche64.htm
fiches\fiche65.htm
fiches\fiche66.htm
images\pMedia1110.jpg
images\gMedia1110.JPG
fiches\fiche67.htm
fiches\fiche68.htm
fiches\fiche69.htm
fiches\fiche70.htm
fiches\fiche71.htm
fiches\fiche72.htm
fiches\fiche73.htm
fiches\fiche74.htm
fiches\fiche75.htm
images\pMedia961.jpg
images\gMedia961.JPG
fiches\fiche76.htm
images\pMedia963.jpg
images\gMedia963.JPG
fiches\fiche77.htm
fiches\fiche78.htm
fiches\fiche79.htm
fiches\fiche80.htm
fiches\fiche81.htm
fiches\fiche82.htm
images\pMedia290.jpg
images\gMedia290.jpg
fiches\fiche83.htm
fiches\fiche84.htm
fiches\fiche85.htm
fiches\fiche86.htm
fiches\fiche87.htm
fiches\fiche88.htm
images\pMedia291.jpg
images\gMedia291.jpg
images\pMedia295.jpg
images\gMedia295.JPG
fiches\fiche89.htm
fiches\fiche90.htm
images\pMedia1833.jpg
images\gMedia1833.JPG
images\pMedia289.jpg
images\gMedia289.JPG
fiches\fiche91.htm
images\pMedia297.jpg
images\gMedia297.JPG
fiches\fiche92.htm
images\pMedia294.jpg
images\gMedia294.JPG
images\pMedia296.jpg
images\gMedia296.JPG
fiches\fiche93.htm
images\pMedia298.jpg
images\gMedia298.JPG
images\pMedia297.jpg
images\gMedia297.JPG
fiches\fiche94.htm
fiches\fiche95.htm
fiches\fiche96.htm
fiches\fiche97.htm
fiches\fiche98.htm
images\pMedia195.jpg
images\gMedia195.JPG
images\pMedia196.jpg
images\gMedia196.JPG
fiches\fiche99.htm
fiches\fiche100.htm
fiches\fiche101.htm
fiches\fiche102.htm
fiches\fiche103.htm
fiches\fiche104.htm
fiches\fiche105.htm
fiches\fiche106.htm
fiches\fiche107.htm
fiches\fiche108.htm
fiches\fiche109.htm
fiches\fiche110.htm
fiches\fiche111.htm
fiches\fiche112.htm
fiches\fiche113.htm
fiches\fiche114.htm
fiches\fiche115.htm
fiches\fiche116.htm
images\pMedia218.jpg
images\gMedia218.JPG
fiches\fiche117.htm
fiches\fiche118.htm
fiches\fiche119.htm
images\pMedia1106.jpg
images\gMedia1106.JPG
fiches\fiche120.htm
fiches\fiche121.htm
fiches\fiche122.htm
individus\patronymes0.htm
individus\ascendance0.htm
individus\ascendance1.htm
individus\ascendance2.htm
individus\ascendance3.htm
individus\ascendance4.htm
individus\ascendance5.htm
individus\ascendance6.htm
individus\ascendance7.htm
individus\ascendance8.htm
individus\ascendance9.htm
individus\ascendance10.htm
individus\ascendance11.htm
individus\ascendance12.htm
individus\ascendance13.htm
individus\ascendance14.htm
individus\ascendance15.htm
individus\ascendance16.htm
individus\ascendance17.htm
individus\listeeclair0.htm
individus\listeeclair1.htm
lieux\lieux.htm
lieux\lieux0.htm
lieux\patroparlieux0.htm
etats\etats.htm
etats\listeevenements0.htm
etats\listeevenements1.htm
etats\listeevenements2.htm
etats\listeevenements3.htm
etats\listeevenements4.htm
etats\listeevenements5.htm
etats\listeevenements6.htm
etats\listeevenements7.htm
etats\listemedias0.htm
etats\listemedias1.htm
etats\stats.htm
menu\menu.js
images\h.gif
images\f.gif
images\i.gif
images\sosa.gif
images\heredis.jpg
images\iconLeft.gif
images\iconTop.gif
images\iconRight.gif
images\branche.gif
images\branche1.gif
images\fond.jpg
menu\coolmenus.js
menu\css.css
vcl50.bpl
h7html.exe
autorun.inf
HCD.ico
heredis\Fthib.GED
heredis\accueil.htm
dswmedia\arbre3D544.htm
dswmedia\arbre3D.htm
dswmedia\Arbre3d.dcr
index.htm
individus\individus.htm
individus\listeindividus0.htm
individus\listeindividus1.htm
individus\listeindividus2.htm
individus\listeindividus3.htm
individus\listeindividus4.htm
individus\listeindividus5.htm
individus\listeindividus6.htm
fiches\fiche0.htm
fiches\fiche1.htm
fiches\fiche2.htm
images\pMedia217.jpg
images\gMedia217.JPG
fiches\fiche3.htm
images\pMedia288.jpg
images\gMedia288.jpg
fiches\fiche4.htm
fiches\fiche5.htm
fiches\fiche6.htm
fiches\fiche7.htm
fiches\fiche8.htm
fiches\fiche9.htm
images\pMedia1105.jpg
images\gMedia1105.JPG
fiches\fiche10.htm
fiches\fiche11.htm
fiches\fiche12.htm
fiches\fiche13.htm
fiches\fiche14.htm
fiches\fiche15.htm
fiches\fiche16.htm
fiches\fiche17.htm
fiches\fiche18.htm
fiches\fiche19.htm
fiches\fiche20.htm
fiches\fiche21.htm
fiches\fiche22.htm
images\pMedia219.jpg
images\gMedia219.JPG
images\pMedia226.jpg
images\gMedia226.JPG
fiches\fiche23.htm
fiches\fiche24.htm
fiches\fiche25.htm
fiches\fiche26.htm
fiches\fiche27.htm
fiches\fiche28.htm
fiches\fiche29.htm
fiches\fiche30.htm
fiches\fiche31.htm
fiches\fiche32.htm
fiches\fiche33.htm
fiches\fiche34.htm
images\pMedia197.jpg
images\gMedia197.JPG
fiches\fiche35.htm
fiches\fiche36.htm
fiches\fiche37.htm
fiches\fiche38.htm
fiches\fiche39.htm
fiches\fiche40.htm
fiches\fiche41.htm
fiches\fiche42.htm
fiches\fiche43.htm
fiches\fiche44.htm
fiches\fiche45.htm
fiches\fiche46.htm
fiches\fiche47.htm
fiches\fiche48.htm
fiches\fiche49.htm
fiches\fiche50.htm
fiches\fiche51.htm
fiches\fiche52.htm
fiches\fiche53.htm
fiches\fiche54.htm
fiches\fiche55.htm
fiches\fiche56.htm
fiches\fiche57.htm
fiches\fiche58.htm
fiches\fiche59.htm
fiches\fiche60.htm
fiches\fiche61.htm
fiches\fiche62.htm
images\pMedia1109.jpg
images\gMedia1109.JPG
fiches\fiche63.htm
fiches\fiche64.htm
fiches\fiche65.htm
fiches\fiche66.htm
images\pMedia1110.jpg
images\gMedia1110.JPG
fiches\fiche67.htm
fiches\fiche68.htm
fiches\fiche69.htm
fiches\fiche70.htm
fiches\fiche71.htm
fiches\fiche72.htm
fiches\fiche73.htm
fiches\fiche74.htm
fiches\fiche75.htm
images\pMedia961.jpg
images\gMedia961.JPG
fiches\fiche76.htm
images\pMedia963.jpg
images\gMedia963.JPG
fiches\fiche77.htm
fiches\fiche78.htm
fiches\fiche79.htm
fiches\fiche80.htm
fiches\fiche81.htm
fiches\fiche82.htm
images\pMedia290.jpg
images\gMedia290.jpg
fiches\fiche83.htm
fiches\fiche84.htm
fiches\fiche85.htm
fiches\fiche86.htm
fiches\fiche87.htm
fiches\fiche88.htm
images\pMedia291.jpg
images\gMedia291.jpg
images\pMedia295.jpg
images\gMedia295.JPG
fiches\fiche89.htm
fiches\fiche90.htm
images\pMedia1833.jpg
images\gMedia1833.JPG
images\pMedia289.jpg
images\gMedia289.JPG
fiches\fiche91.htm
images\pMedia297.jpg
images\gMedia297.JPG
fiches\fiche92.htm
images\pMedia294.jpg
images\gMedia294.JPG
images\pMedia296.jpg
images\gMedia296.JPG
fiches\fiche93.htm
images\pMedia298.jpg
images\gMedia298.JPG
images\pMedia297.jpg
images\gMedia297.JPG
fiches\fiche94.htm
fiches\fiche95.htm
fiches\fiche96.htm
fiches\fiche97.htm
fiches\fiche98.htm
images\pMedia195.jpg
images\gMedia195.JPG
images\pMedia196.jpg
images\gMedia196.JPG
fiches\fiche99.htm
fiches\fiche100.htm
fiches\fiche101.htm
fiches\fiche102.htm
fiches\fiche103.htm
fiches\fiche104.htm
fiches\fiche105.htm
fiches\fiche106.htm
fiches\fiche107.htm
fiches\fiche108.htm
fiches\fiche109.htm
fiches\fiche110.htm
fiches\fiche111.htm
fiches\fiche112.htm
fiches\fiche113.htm
fiches\fiche114.htm
fiches\fiche115.htm
fiches\fiche116.htm
images\pMedia218.jpg
images\gMedia218.JPG
fiches\fiche117.htm
fiches\fiche118.htm
fiches\fiche119.htm
images\pMedia1106.jpg
images\gMedia1106.JPG
fiches\fiche120.htm
fiches\fiche121.htm
fiches\fiche122.htm
individus\patronymes0.htm
individus\ascendance0.htm
individus\ascendance1.htm
individus\ascendance2.htm
individus\ascendance3.htm
individus\ascendance4.htm
individus\ascendance5.htm
individus\ascendance6.htm
individus\ascendance7.htm
individus\ascendance8.htm
individus\ascendance9.htm
individus\ascendance10.htm
individus\ascendance11.htm
individus\ascendance12.htm
individus\ascendance13.htm
individus\ascendance14.htm
individus\ascendance15.htm
individus\ascendance16.htm
individus\ascendance17.htm
individus\listeeclair0.htm
individus\listeeclair1.htm
lieux\lieux.htm
lieux\lieux0.htm
lieux\patroparlieux0.htm
etats\etats.htm
etats\listeevenements0.htm
etats\listeevenements1.htm
etats\listeevenements2.htm
etats\listeevenements3.htm
etats\listeevenements4.htm
etats\listeevenements5.htm
etats\listeevenements6.htm
etats\listeevenements7.htm
etats\listemedias0.htm
etats\listemedias1.htm
etats\stats.htm
menu\menu.js
images\h.gif
images\f.gif
images\i.gif
images\sosa.gif
images\heredis.jpg
images\iconLeft.gif
images\iconTop.gif
images\iconRight.gif
images\branche.gif
images\branche1.gif
images\fond.jpg
menu\coolmenus.js
menu\css.css
vcl50.bpl
h7html.exe
autorun.inf
HCD.ico
heredis\Fthib.GED
heredis\accueil.htm
dswmedia\arbre3D544.htm
dswmedia\arbre3D.htm
dswmedia\Arbre3d.dcr
index.htm
individus\individus.htm
individus\listeindividus0.htm
individus\listeindividus1.htm
individus\listeindividus2.htm
individus\listeindividus3.htm
individus\listeindividus4.htm
individus\listeindividus5.htm
individus\listeindividus6.htm
fiches\fiche0.htm
fiches\fiche1.htm
fiches\fiche2.htm
images\pMedia217.jpg
images\gMedia217.JPG
fiches\fiche3.htm
images\pMedia288.jpg
images\gMedia288.jpg
fiches\fiche4.htm
fiches\fiche5.htm
fiches\fiche6.htm
fiches\fiche7.htm
fiches\fiche8.htm
fiches\fiche9.htm
images\pMedia1105.jpg
images\gMedia1105.JPG
fiches\fiche10.htm
fiches\fiche11.htm
fiches\fiche12.htm
fiches\fiche13.htm
fiches\fiche14.htm
fiches\fiche15.htm
fiches\fiche16.htm
fiches\fiche17.htm
fiches\fiche18.htm
fiches\fiche19.htm
fiches\fiche20.htm
fiches\fiche21.htm
fiches\fiche22.htm
images\pMedia219.jpg
images\gMedia219.JPG
images\pMedia226.jpg
images\gMedia226.JPG
fiches\fiche23.htm
fiches\fiche24.htm
fiches\fiche25.htm
fiches\fiche26.htm
fiches\fiche27.htm
fiches\fiche28.htm
fiches\fiche29.htm
fiches\fiche30.htm
fiches\fiche31.htm
fiches\fiche32.htm
fiches\fiche33.htm
fiches\fiche34.htm
images\pMedia197.jpg
images\gMedia197.JPG
fiches\fiche35.htm
fiches\fiche36.htm
fiches\fiche37.htm
fiches\fiche38.htm
fiches\fiche39.htm
fiches\fiche40.htm
fiches\fiche41.htm
fiches\fiche42.htm
fiches\fiche43.htm
fiches\fiche44.htm
fiches\fiche45.htm
fiches\fiche46.htm
fiches\fiche47.htm
fiches\fiche48.htm
fiches\fiche49.htm
fiches\fiche50.htm
fiches\fiche51.htm
fiches\fiche52.htm
fiches\fiche53.htm
fiches\fiche54.htm
fiches\fiche55.htm
fiches\fiche56.htm
fiches\fiche57.htm
fiches\fiche58.htm
fiches\fiche59.htm
fiches\fiche60.htm
fiches\fiche61.htm
fiches\fiche62.htm
images\pMedia1109.jpg
images\gMedia1109.JPG
fiches\fiche63.htm
fiches\fiche64.htm
fiches\fiche65.htm
fiches\fiche66.htm
images\pMedia1110.jpg
images\gMedia1110.JPG
fiches\fiche67.htm
fiches\fiche68.htm
fiches\fiche69.htm
fiches\fiche70.htm
fiches\fiche71.htm
fiches\fiche72.htm
fiches\fiche73.htm
fiches\fiche74.htm
fiches\fiche75.htm
images\pMedia961.jpg
images\gMedia961.JPG
fiches\fiche76.htm
images\pMedia963.jpg
images\gMedia963.JPG
fiches\fiche77.htm
fiches\fiche78.htm
fiches\fiche79.htm
fiches\fiche80.htm
fiches\fiche81.htm
fiches\fiche82.htm
images\pMedia290.jpg
images\gMedia290.jpg
fiches\fiche83.htm
fiches\fiche84.htm
fiches\fiche85.htm
fiches\fiche86.htm
fiches\fiche87.htm
fiches\fiche88.htm
images\pMedia291.jpg
images\gMedia291.jpg
images\pMedia295.jpg
images\gMedia295.JPG
fiches\fiche89.htm
fiches\fiche90.htm
images\pMedia1833.jpg
images\gMedia1833.JPG
images\pMedia289.jpg
images\gMedia289.JPG
fiches\fiche91.htm
images\pMedia297.jpg
images\gMedia297.JPG
fiches\fiche92.htm
images\pMedia294.jpg
images\gMedia294.JPG
images\pMedia296.jpg
images\gMedia296.JPG
fiches\fiche93.htm
images\pMedia298.jpg
images\gMedia298.JPG
images\pMedia297.jpg
images\gMedia297.JPG
fiches\fiche94.htm
fiches\fiche95.htm
fiches\fiche96.htm
fiches\fiche97.htm
fiches\fiche98.htm
images\pMedia195.jpg
images\gMedia195.JPG
images\pMedia196.jpg
images\gMedia196.JPG
fiches\fiche99.htm
fiches\fiche100.htm
fiches\fiche101.htm
fiches\fiche102.htm
fiches\fiche103.htm
fiches\fiche104.htm
fiches\fiche105.htm
fiches\fiche106.htm
fiches\fiche107.htm
fiches\fiche108.htm
fiches\fiche109.htm
fiches\fiche110.htm
fiches\fiche111.htm
fiches\fiche112.htm
fiches\fiche113.htm
fiches\fiche114.htm
fiches\fiche115.htm
fiches\fiche116.htm
images\pMedia218.jpg
images\gMedia218.JPG
fiches\fiche117.htm
fiches\fiche118.htm
fiches\fiche119.htm
images\pMedia1106.jpg
images\gMedia1106.JPG
fiches\fiche120.htm
fiches\fiche121.htm
fiches\fiche122.htm
individus\patronymes0.htm
individus\ascendance0.htm
individus\ascendance1.htm
individus\ascendance2.htm
individus\ascendance3.htm
individus\ascendance4.htm
individus\ascendance5.htm
individus\ascendance6.htm
individus\ascendance7.htm
individus\ascendance8.htm
individus\ascendance9.htm
individus\ascendance10.htm
individus\ascendance11.htm
individus\ascendance12.htm
individus\ascendance13.htm
individus\ascendance14.htm
individus\ascendance15.htm
individus\ascendance16.htm
individus\ascendance17.htm
individus\listeeclair0.htm
individus\listeeclair1.htm
lieux\lieux.htm
lieux\lieux0.htm
lieux\patroparlieux0.htm
etats\etats.htm
etats\listeevenements0.htm
etats\listeevenements1.htm
etats\listeevenements2.htm
etats\listeevenements3.htm
etats\listeevenements4.htm
etats\listeevenements5.htm
etats\listeevenements6.htm
etats\listeevenements7.htm
etats\listemedias0.htm
etats\listemedias1.htm
etats\stats.htm
menu\menu.js
images\h.gif
images\f.gif
images\i.gif
images\sosa.gif
images\heredis.jpg
images\iconLeft.gif
images\iconTop.gif
images\iconRight.gif
images\branche.gif
images\branche1.gif
menu\coolmenus.js
menu\css.css
vcl50.bpl
h7html.exe
autorun.inf
HCD.ico
heredis\Fthib.GED
heredis\accueil.htm
dswmedia\arbre3D530.htm
dswmedia\arbre3D.htm
dswmedia\Arbre3d.dcr
index.htm
individus\individus.htm
individus\listeindividus0.htm
individus\listeindividus1.htm
individus\listeindividus2.htm
individus\listeindividus3.htm
individus\listeindividus4.htm
individus\listeindividus5.htm
individus\listeindividus6.htm
fiches\fiche0.htm
fiches\fiche1.htm
fiches\fiche2.htm
images\pMedia217.jpg
images\gMedia217.JPG
fiches\fiche3.htm
images\pMedia288.jpg
images\gMedia288.jpg
fiches\fiche4.htm
fiches\fiche5.htm
fiches\fiche6.htm
fiches\fiche7.htm
fiches\fiche8.htm
fiches\fiche9.htm
images\pMedia1105.jpg
images\gMedia1105.JPG
fiches\fiche10.htm
fiches\fiche11.htm
fiches\fiche12.htm
fiches\fiche13.htm
fiches\fiche14.htm
fiches\fiche15.htm
fiches\fiche16.htm
fiches\fiche17.htm
fiches\fiche18.htm
fiches\fiche19.htm
fiches\fiche20.htm
fiches\fiche21.htm
fiches\fiche22.htm
images\pMedia219.jpg
images\gMedia219.JPG
images\pMedia226.jpg
images\gMedia226.JPG
fiches\fiche23.htm
fiches\fiche24.htm
fiches\fiche25.htm
fiches\fiche26.htm
fiches\fiche27.htm
fiches\fiche28.htm
fiches\fiche29.htm
fiches\fiche30.htm
fiches\fiche31.htm
fiches\fiche32.htm
fiches\fiche33.htm
fiches\fiche34.htm
images\pMedia197.jpg
images\gMedia197.JPG
fiches\fiche35.htm
fiches\fiche36.htm
fiches\fiche37.htm
fiches\fiche38.htm
fiches\fiche39.htm
fiches\fiche40.htm
fiches\fiche41.htm
fiches\fiche42.htm
fiches\fiche43.htm
fiches\fiche44.htm
fiches\fiche45.htm
fiches\fiche46.htm
fiches\fiche47.htm
fiches\fiche48.htm
fiches\fiche49.htm
fiches\fiche50.htm
fiches\fiche51.htm
fiches\fiche52.htm
fiches\fiche53.htm
fiches\fiche54.htm
fiches\fiche55.htm
fiches\fiche56.htm
fiches\fiche57.htm
fiches\fiche58.htm
fiches\fiche59.htm
fiches\fiche60.htm
fiches\fiche61.htm
fiches\fiche62.htm
images\pMedia1109.jpg
images\gMedia1109.JPG
fiches\fiche63.htm
fiches\fiche64.htm
fiches\fiche65.htm
fiches\fiche66.htm
images\pMedia1110.jpg
images\gMedia1110.JPG
fiches\fiche67.htm
fiches\fiche68.htm
fiches\fiche69.htm
fiches\fiche70.htm
fiches\fiche71.htm
fiches\fiche72.htm
fiches\fiche73.htm
fiches\fiche74.htm
fiches\fiche75.htm
images\pMedia961.jpg
images\gMedia961.JPG
fiches\fiche76.htm
images\pMedia963.jpg
images\gMedia963.JPG
fiches\fiche77.htm
fiches\fiche78.htm
fiches\fiche79.htm
fiches\fiche80.htm
fiches\fiche81.htm
fiches\fiche82.htm
images\pMedia290.jpg
images\gMedia290.jpg
fiches\fiche83.htm
fiches\fiche84.htm
fiches\fiche85.htm
fiches\fiche86.htm
fiches\fiche87.htm
fiches\fiche88.htm
images\pMedia291.jpg
images\gMedia291.jpg
images\pMedia295.jpg
images\gMedia295.JPG
fiches\fiche89.htm
fiches\fiche90.htm
images\pMedia1833.jpg
images\gMedia1833.JPG
images\pMedia289.jpg
images\gMedia289.JPG
fiches\fiche91.htm
images\pMedia297.jpg
images\gMedia297.JPG
fiches\fiche92.htm
images\pMedia294.jpg
images\gMedia294.JPG
images\pMedia296.jpg
images\gMedia296.JPG
fiches\fiche93.htm
images\pMedia298.jpg
images\gMedia298.JPG
images\pMedia297.jpg
images\gMedia297.JPG
fiches\fiche94.htm
fiches\fiche95.htm
fiches\fiche96.htm
fiches\fiche97.htm
fiches\fiche98.htm
images\pMedia195.jpg
images\gMedia195.JPG
images\pMedia196.jpg
images\gMedia196.JPG
fiches\fiche99.htm
fiches\fiche100.htm
fiches\fiche101.htm
fiches\fiche102.htm
fiches\fiche103.htm
fiches\fiche104.htm
fiches\fiche105.htm
fiches\fiche106.htm
fiches\fiche107.htm
fiches\fiche108.htm
fiches\fiche109.htm
fiches\fiche110.htm
fiches\fiche111.htm
fiches\fiche112.htm
fiches\fiche113.htm
fiches\fiche114.htm
fiches\fiche115.htm
fiches\fiche116.htm
images\pMedia218.jpg
images\gMedia218.JPG
fiches\fiche117.htm
fiches\fiche118.htm
fiches\fiche119.htm
images\pMedia1106.jpg
images\gMedia1106.JPG
fiches\fiche120.htm
fiches\fiche121.htm
fiches\fiche122.htm
individus\patronymes0.htm
individus\ascendance0.htm
individus\ascendance1.htm
individus\ascendance2.htm
individus\ascendance3.htm
individus\ascendance4.htm
individus\ascendance5.htm
individus\ascendance6.htm
individus\ascendance7.htm
individus\ascendance8.htm
individus\ascendance9.htm
individus\ascendance10.htm
individus\ascendance11.htm
individus\ascendance12.htm
individus\ascendance13.htm
individus\ascendance14.htm
individus\ascendance15.htm
individus\ascendance16.htm
individus\ascendance17.htm
individus\listeeclair0.htm
individus\listeeclair1.htm
lieux\lieux.htm
lieux\lieux0.htm
lieux\patroparlieux0.htm
etats\etats.htm
etats\listeevenements0.htm
etats\listeevenements1.htm
etats\listeevenements2.htm
etats\listeevenements3.htm
etats\listeevenements4.htm
etats\listeevenements5.htm
etats\listeevenements6.htm
etats\listeevenements7.htm
etats\listemedias0.htm
etats\listemedias1.htm
etats\stats.htm
menu\menu.js
images\h.gif
images\f.gif
images\i.gif
images\sosa.gif
images\heredis.jpg
images\iconLeft.gif
images\iconTop.gif
images\iconRight.gif
images\branche.gif
images\branche1.gif
images\fond.jpg
menu\coolmenus.js
menu\css.css
vcl50.bpl
h7html.exe
autorun.inf
HCD.ico
heredis\Fthib.GED
heredis\accueil.htm
dswmedia\arbre3D535.htm
dswmedia\arbre3D.htm
dswmedia\Arbre3d.dcr
